<?xml version="1.0" encoding="UTF-8"?>
<testsuite name="TestEmployee02, TestEmployees" tests="1" skipped="0" failures="0" errors="0" timestamp="2021-07-09T14:30:56" hostname="DAVID" time="0.197">
  <properties/>
  <testcase name="getAll" classname="com.infinira.hr.test.TestEmployee02$TestEmployees" time="0.197"/>
  <system-out><![CDATA[[getAll, Test02] Test Started
20:00:56.887 [ForkJoinPool-1-worker-7] DEBUG org.apache.http.impl.conn.BasicClientConnectionManager - Get connection for route {}->http://localhost:8082
20:00:56.888 [ForkJoinPool-1-worker-7] DEBUG org.apache.http.impl.conn.DefaultClientConnectionOperator - Connecting to localhost:8082
20:00:56.889 [ForkJoinPool-1-worker-7] DEBUG org.apache.http.client.protocol.RequestAddCookies - CookieSpec selected: ignoreCookies
20:00:56.889 [ForkJoinPool-1-worker-7] DEBUG org.apache.http.client.protocol.RequestAuthCache - Auth cache not set in the context
20:00:56.889 [ForkJoinPool-1-worker-7] DEBUG org.apache.http.client.protocol.RequestTargetAuthentication - Target auth state: UNCHALLENGED
20:00:56.889 [ForkJoinPool-1-worker-7] DEBUG org.apache.http.client.protocol.RequestProxyAuthentication - Proxy auth state: UNCHALLENGED
20:00:56.889 [ForkJoinPool-1-worker-7] DEBUG org.apache.http.impl.client.DefaultHttpClient - Attempt 1 to execute request
20:00:56.889 [ForkJoinPool-1-worker-7] DEBUG org.apache.http.impl.conn.DefaultClientConnection - Sending request: GET /Employees HTTP/1.1
20:00:56.889 [ForkJoinPool-1-worker-7] DEBUG org.apache.http.wire -  >> "GET /Employees HTTP/1.1[\r][\n]"
20:00:56.889 [ForkJoinPool-1-worker-7] DEBUG org.apache.http.wire -  >> "Accept: */*[\r][\n]"
20:00:56.889 [ForkJoinPool-1-worker-7] DEBUG org.apache.http.wire -  >> "Host: localhost:8082[\r][\n]"
20:00:56.889 [ForkJoinPool-1-worker-7] DEBUG org.apache.http.wire -  >> "Connection: Keep-Alive[\r][\n]"
20:00:56.889 [ForkJoinPool-1-worker-7] DEBUG org.apache.http.wire -  >> "User-Agent: Apache-HttpClient/4.5.13 (Java/11.0.9)[\r][\n]"
20:00:56.889 [ForkJoinPool-1-worker-7] DEBUG org.apache.http.wire -  >> "Accept-Encoding: gzip,deflate[\r][\n]"
20:00:56.889 [ForkJoinPool-1-worker-7] DEBUG org.apache.http.wire -  >> "[\r][\n]"
20:00:56.889 [ForkJoinPool-1-worker-7] DEBUG org.apache.http.headers - >> GET /Employees HTTP/1.1
20:00:56.890 [ForkJoinPool-1-worker-7] DEBUG org.apache.http.headers - >> Accept: */*
20:00:56.890 [ForkJoinPool-1-worker-7] DEBUG org.apache.http.headers - >> Host: localhost:8082
20:00:56.890 [ForkJoinPool-1-worker-7] DEBUG org.apache.http.headers - >> Connection: Keep-Alive
20:00:56.890 [ForkJoinPool-1-worker-7] DEBUG org.apache.http.headers - >> User-Agent: Apache-HttpClient/4.5.13 (Java/11.0.9)
20:00:56.890 [ForkJoinPool-1-worker-7] DEBUG org.apache.http.headers - >> Accept-Encoding: gzip,deflate
20:00:56.916 [ForkJoinPool-1-worker-3] DEBUG org.apache.http.wire -  << "HTTP/1.1 200 [\r][\n]"
20:00:56.916 [ForkJoinPool-1-worker-3] DEBUG org.apache.http.wire -  << "Content-Length: 0[\r][\n]"
20:00:56.916 [ForkJoinPool-1-worker-3] DEBUG org.apache.http.wire -  << "Date: Fri, 09 Jul 2021 14:30:56 GMT[\r][\n]"
20:00:56.916 [ForkJoinPool-1-worker-3] DEBUG org.apache.http.wire -  << "Keep-Alive: timeout=60[\r][\n]"
20:00:56.916 [ForkJoinPool-1-worker-3] DEBUG org.apache.http.wire -  << "Connection: keep-alive[\r][\n]"
20:00:56.916 [ForkJoinPool-1-worker-3] DEBUG org.apache.http.wire -  << "[\r][\n]"
20:00:56.916 [ForkJoinPool-1-worker-3] DEBUG org.apache.http.impl.conn.DefaultClientConnection - Receiving response: HTTP/1.1 200 
20:00:56.917 [ForkJoinPool-1-worker-3] DEBUG org.apache.http.headers - << HTTP/1.1 200 
20:00:56.917 [ForkJoinPool-1-worker-3] DEBUG org.apache.http.headers - << Content-Length: 0
20:00:56.917 [ForkJoinPool-1-worker-3] DEBUG org.apache.http.headers - << Date: Fri, 09 Jul 2021 14:30:56 GMT
20:00:56.917 [ForkJoinPool-1-worker-3] DEBUG org.apache.http.headers - << Keep-Alive: timeout=60
20:00:56.917 [ForkJoinPool-1-worker-3] DEBUG org.apache.http.headers - << Connection: keep-alive
20:00:56.917 [ForkJoinPool-1-worker-3] DEBUG org.apache.http.impl.client.DefaultHttpClient - Connection can be kept alive for 60000 MILLISECONDS
[delete, Test03] Test completed
]]></system-out>
  <system-err><![CDATA[]]></system-err>
</testsuite>
