<?xml version="1.0" encoding="UTF-8"?>
<testsuite name="com.infinira.hr.test.TestEmployee03" tests="7" skipped="0" failures="0" errors="0" timestamp="2021-07-09T14:30:48" hostname="DAVID" time="9.082">
  <properties/>
  <testcase name="TestEmployee03, createEmployee()" classname="com.infinira.hr.test.TestEmployee03" time="6.226"/>
  <testcase name="[1] id=2101" classname="com.infinira.hr.test.TestEmployee03" time="1.637"/>
  <testcase name="[2] id=2102" classname="com.infinira.hr.test.TestEmployee03" time="0.315"/>
  <testcase name="[3] id=2184" classname="com.infinira.hr.test.TestEmployee03" time="0.195"/>
  <testcase name="TestEmployee03, updateEmployee()" classname="com.infinira.hr.test.TestEmployee03" time="0.296"/>
  <testcase name="TestEmployee03, deleteEmployee()" classname="com.infinira.hr.test.TestEmployee03" time="0.111"/>
  <testcase name="TestEmployee03, getAllEmployees()" classname="com.infinira.hr.test.TestEmployee03" time="0.174"/>
  <system-out><![CDATA[[create, Test02] Test Started
[create, Test01] Test Started
[create, Test03] Test Started
20:00:51.865 [ForkJoinPool-1-worker-3] DEBUG org.apache.http.impl.conn.BasicClientConnectionManager - Get connection for route {}->http://localhost:8082
20:00:51.865 [ForkJoinPool-1-worker-5] DEBUG org.apache.http.impl.conn.BasicClientConnectionManager - Get connection for route {}->http://localhost:8082
20:00:51.865 [ForkJoinPool-1-worker-7] DEBUG org.apache.http.impl.conn.BasicClientConnectionManager - Get connection for route {}->http://localhost:8082
20:00:51.916 [ForkJoinPool-1-worker-5] DEBUG org.apache.http.impl.conn.DefaultClientConnectionOperator - Connecting to localhost:8082
20:00:51.916 [ForkJoinPool-1-worker-3] DEBUG org.apache.http.impl.conn.DefaultClientConnectionOperator - Connecting to localhost:8082
20:00:51.916 [ForkJoinPool-1-worker-7] DEBUG org.apache.http.impl.conn.DefaultClientConnectionOperator - Connecting to localhost:8082
20:00:51.967 [ForkJoinPool-1-worker-5] DEBUG org.apache.http.client.protocol.RequestAddCookies - CookieSpec selected: ignoreCookies
20:00:51.967 [ForkJoinPool-1-worker-3] DEBUG org.apache.http.client.protocol.RequestAddCookies - CookieSpec selected: ignoreCookies
20:00:51.967 [ForkJoinPool-1-worker-7] DEBUG org.apache.http.client.protocol.RequestAddCookies - CookieSpec selected: ignoreCookies
20:00:51.972 [ForkJoinPool-1-worker-5] DEBUG org.apache.http.client.protocol.RequestAuthCache - Auth cache not set in the context
20:00:51.972 [ForkJoinPool-1-worker-7] DEBUG org.apache.http.client.protocol.RequestAuthCache - Auth cache not set in the context
20:00:51.972 [ForkJoinPool-1-worker-3] DEBUG org.apache.http.client.protocol.RequestAuthCache - Auth cache not set in the context
20:00:51.974 [ForkJoinPool-1-worker-5] DEBUG org.apache.http.client.protocol.RequestTargetAuthentication - Target auth state: UNCHALLENGED
20:00:51.974 [ForkJoinPool-1-worker-7] DEBUG org.apache.http.client.protocol.RequestTargetAuthentication - Target auth state: UNCHALLENGED
20:00:51.974 [ForkJoinPool-1-worker-3] DEBUG org.apache.http.client.protocol.RequestTargetAuthentication - Target auth state: UNCHALLENGED
20:00:51.976 [ForkJoinPool-1-worker-7] DEBUG org.apache.http.client.protocol.RequestProxyAuthentication - Proxy auth state: UNCHALLENGED
20:00:51.976 [ForkJoinPool-1-worker-5] DEBUG org.apache.http.client.protocol.RequestProxyAuthentication - Proxy auth state: UNCHALLENGED
20:00:51.976 [ForkJoinPool-1-worker-3] DEBUG org.apache.http.client.protocol.RequestProxyAuthentication - Proxy auth state: UNCHALLENGED
20:00:51.978 [ForkJoinPool-1-worker-7] DEBUG org.apache.http.impl.client.DefaultHttpClient - Attempt 1 to execute request
20:00:51.978 [ForkJoinPool-1-worker-5] DEBUG org.apache.http.impl.client.DefaultHttpClient - Attempt 1 to execute request
20:00:51.978 [ForkJoinPool-1-worker-3] DEBUG org.apache.http.impl.client.DefaultHttpClient - Attempt 1 to execute request
20:00:51.979 [ForkJoinPool-1-worker-5] DEBUG org.apache.http.impl.conn.DefaultClientConnection - Sending request: POST /Employee/ HTTP/1.1
20:00:51.979 [ForkJoinPool-1-worker-3] DEBUG org.apache.http.impl.conn.DefaultClientConnection - Sending request: POST /Employee/ HTTP/1.1
20:00:51.979 [ForkJoinPool-1-worker-7] DEBUG org.apache.http.impl.conn.DefaultClientConnection - Sending request: POST /Employee/ HTTP/1.1
20:00:51.981 [ForkJoinPool-1-worker-7] DEBUG org.apache.http.wire -  >> "POST /Employee/ HTTP/1.1[\r][\n]"
20:00:51.981 [ForkJoinPool-1-worker-3] DEBUG org.apache.http.wire -  >> "POST /Employee/ HTTP/1.1[\r][\n]"
20:00:51.981 [ForkJoinPool-1-worker-5] DEBUG org.apache.http.wire -  >> "POST /Employee/ HTTP/1.1[\r][\n]"
20:00:51.986 [ForkJoinPool-1-worker-7] DEBUG org.apache.http.wire -  >> "Accept: */*[\r][\n]"
20:00:51.987 [ForkJoinPool-1-worker-5] DEBUG org.apache.http.wire -  >> "Accept: */*[\r][\n]"
20:00:51.986 [ForkJoinPool-1-worker-3] DEBUG org.apache.http.wire -  >> "Accept: */*[\r][\n]"
20:00:51.987 [ForkJoinPool-1-worker-7] DEBUG org.apache.http.wire -  >> "Content-Type: application/json; charset=UTF-8[\r][\n]"
20:00:51.988 [ForkJoinPool-1-worker-5] DEBUG org.apache.http.wire -  >> "Content-Type: application/json; charset=UTF-8[\r][\n]"
20:00:51.988 [ForkJoinPool-1-worker-3] DEBUG org.apache.http.wire -  >> "Content-Type: application/json; charset=UTF-8[\r][\n]"
20:00:51.988 [ForkJoinPool-1-worker-7] DEBUG org.apache.http.wire -  >> "Content-Length: 477[\r][\n]"
20:00:51.989 [ForkJoinPool-1-worker-5] DEBUG org.apache.http.wire -  >> "Content-Length: 477[\r][\n]"
20:00:51.989 [ForkJoinPool-1-worker-3] DEBUG org.apache.http.wire -  >> "Content-Length: 477[\r][\n]"
20:00:51.989 [ForkJoinPool-1-worker-7] DEBUG org.apache.http.wire -  >> "Host: localhost:8082[\r][\n]"
20:00:51.990 [ForkJoinPool-1-worker-5] DEBUG org.apache.http.wire -  >> "Host: localhost:8082[\r][\n]"
20:00:51.990 [ForkJoinPool-1-worker-3] DEBUG org.apache.http.wire -  >> "Host: localhost:8082[\r][\n]"
20:00:51.991 [ForkJoinPool-1-worker-5] DEBUG org.apache.http.wire -  >> "Connection: Keep-Alive[\r][\n]"
20:00:51.990 [ForkJoinPool-1-worker-7] DEBUG org.apache.http.wire -  >> "Connection: Keep-Alive[\r][\n]"
20:00:51.991 [ForkJoinPool-1-worker-3] DEBUG org.apache.http.wire -  >> "Connection: Keep-Alive[\r][\n]"
20:00:51.992 [ForkJoinPool-1-worker-5] DEBUG org.apache.http.wire -  >> "User-Agent: Apache-HttpClient/4.5.13 (Java/11.0.9)[\r][\n]"
20:00:51.992 [ForkJoinPool-1-worker-7] DEBUG org.apache.http.wire -  >> "User-Agent: Apache-HttpClient/4.5.13 (Java/11.0.9)[\r][\n]"
20:00:51.992 [ForkJoinPool-1-worker-3] DEBUG org.apache.http.wire -  >> "User-Agent: Apache-HttpClient/4.5.13 (Java/11.0.9)[\r][\n]"
20:00:51.992 [ForkJoinPool-1-worker-5] DEBUG org.apache.http.wire -  >> "Accept-Encoding: gzip,deflate[\r][\n]"
20:00:51.993 [ForkJoinPool-1-worker-7] DEBUG org.apache.http.wire -  >> "Accept-Encoding: gzip,deflate[\r][\n]"
20:00:51.994 [ForkJoinPool-1-worker-3] DEBUG org.apache.http.wire -  >> "Accept-Encoding: gzip,deflate[\r][\n]"
20:00:51.994 [ForkJoinPool-1-worker-5] DEBUG org.apache.http.wire -  >> "[\r][\n]"
20:00:51.994 [ForkJoinPool-1-worker-7] DEBUG org.apache.http.wire -  >> "[\r][\n]"
20:00:51.994 [ForkJoinPool-1-worker-3] DEBUG org.apache.http.wire -  >> "[\r][\n]"
20:00:51.995 [ForkJoinPool-1-worker-7] DEBUG org.apache.http.headers - >> POST /Employee/ HTTP/1.1
20:00:51.995 [ForkJoinPool-1-worker-5] DEBUG org.apache.http.headers - >> POST /Employee/ HTTP/1.1
20:00:51.995 [ForkJoinPool-1-worker-3] DEBUG org.apache.http.headers - >> POST /Employee/ HTTP/1.1
20:00:51.996 [ForkJoinPool-1-worker-7] DEBUG org.apache.http.headers - >> Accept: */*
20:00:51.996 [ForkJoinPool-1-worker-5] DEBUG org.apache.http.headers - >> Accept: */*
20:00:51.996 [ForkJoinPool-1-worker-3] DEBUG org.apache.http.headers - >> Accept: */*
20:00:51.997 [ForkJoinPool-1-worker-7] DEBUG org.apache.http.headers - >> Content-Type: application/json; charset=UTF-8
20:00:51.997 [ForkJoinPool-1-worker-5] DEBUG org.apache.http.headers - >> Content-Type: application/json; charset=UTF-8
20:00:51.998 [ForkJoinPool-1-worker-7] DEBUG org.apache.http.headers - >> Content-Length: 477
20:00:51.997 [ForkJoinPool-1-worker-3] DEBUG org.apache.http.headers - >> Content-Type: application/json; charset=UTF-8
20:00:51.998 [ForkJoinPool-1-worker-5] DEBUG org.apache.http.headers - >> Content-Length: 477
20:00:51.999 [ForkJoinPool-1-worker-7] DEBUG org.apache.http.headers - >> Host: localhost:8082
20:00:51.999 [ForkJoinPool-1-worker-3] DEBUG org.apache.http.headers - >> Content-Length: 477
20:00:51.999 [ForkJoinPool-1-worker-5] DEBUG org.apache.http.headers - >> Host: localhost:8082
20:00:51.999 [ForkJoinPool-1-worker-7] DEBUG org.apache.http.headers - >> Connection: Keep-Alive
20:00:52.000 [ForkJoinPool-1-worker-3] DEBUG org.apache.http.headers - >> Host: localhost:8082
20:00:52.001 [ForkJoinPool-1-worker-5] DEBUG org.apache.http.headers - >> Connection: Keep-Alive
20:00:52.001 [ForkJoinPool-1-worker-7] DEBUG org.apache.http.headers - >> User-Agent: Apache-HttpClient/4.5.13 (Java/11.0.9)
20:00:52.001 [ForkJoinPool-1-worker-3] DEBUG org.apache.http.headers - >> Connection: Keep-Alive
20:00:52.001 [ForkJoinPool-1-worker-5] DEBUG org.apache.http.headers - >> User-Agent: Apache-HttpClient/4.5.13 (Java/11.0.9)
20:00:52.001 [ForkJoinPool-1-worker-7] DEBUG org.apache.http.headers - >> Accept-Encoding: gzip,deflate
20:00:52.002 [ForkJoinPool-1-worker-5] DEBUG org.apache.http.headers - >> Accept-Encoding: gzip,deflate
20:00:52.001 [ForkJoinPool-1-worker-3] DEBUG org.apache.http.headers - >> User-Agent: Apache-HttpClient/4.5.13 (Java/11.0.9)
20:00:52.003 [ForkJoinPool-1-worker-3] DEBUG org.apache.http.headers - >> Accept-Encoding: gzip,deflate
20:00:52.003 [ForkJoinPool-1-worker-7] DEBUG org.apache.http.wire -  >> "{"empId":0,"firstName":"David42","middleName":"E","lastName":"Raj","fatherName":"Edwin","dob":978201000000,"gender":"m","maritalStatus":"single","uid":"8978675645","email":"benjamindavid023@gmail","phone":"9578821821","bloodGroup":"b+","doj":1001961000000,"addressLine1":"1/10-4 Periyar Street","addressLine2":"Malaiyappa Nagar","city":"Trichy","state":"Tamil Nadu","postalCode":"620010","country":"India","title":"Trainee","resume":null,"photo":null,"employeeStatus":"active"}"
20:00:52.003 [ForkJoinPool-1-worker-5] DEBUG org.apache.http.wire -  >> "{"empId":0,"firstName":"David42","middleName":"E","lastName":"Raj","fatherName":"Edwin","dob":978201000000,"gender":"m","maritalStatus":"single","uid":"8978675645","email":"benjamindavid023@gmail","phone":"9578821821","bloodGroup":"b+","doj":1001961000000,"addressLine1":"1/10-4 Periyar Street","addressLine2":"Malaiyappa Nagar","city":"Trichy","state":"Tamil Nadu","postalCode":"620010","country":"India","title":"Trainee","resume":null,"photo":null,"employeeStatus":"active"}"
20:00:52.004 [ForkJoinPool-1-worker-3] DEBUG org.apache.http.wire -  >> "{"empId":0,"firstName":"David42","middleName":"E","lastName":"Raj","fatherName":"Edwin","dob":978201000000,"gender":"m","maritalStatus":"single","uid":"8978675645","email":"benjamindavid023@gmail","phone":"9578821821","bloodGroup":"b+","doj":1001961000000,"addressLine1":"1/10-4 Periyar Street","addressLine2":"Malaiyappa Nagar","city":"Trichy","state":"Tamil Nadu","postalCode":"620010","country":"India","title":"Trainee","resume":null,"photo":null,"employeeStatus":"active"}"
20:00:53.925 [ForkJoinPool-1-worker-7] DEBUG org.apache.http.wire -  << "HTTP/1.1 200 [\r][\n]"
20:00:53.925 [ForkJoinPool-1-worker-5] DEBUG org.apache.http.wire -  << "HTTP/1.1 200 [\r][\n]"
20:00:53.925 [ForkJoinPool-1-worker-3] DEBUG org.apache.http.wire -  << "HTTP/1.1 200 [\r][\n]"
20:00:53.933 [ForkJoinPool-1-worker-3] DEBUG org.apache.http.wire -  << "Content-Type: application/json[\r][\n]"
20:00:53.933 [ForkJoinPool-1-worker-5] DEBUG org.apache.http.wire -  << "Content-Type: application/json[\r][\n]"
20:00:53.933 [ForkJoinPool-1-worker-7] DEBUG org.apache.http.wire -  << "Content-Type: application/json[\r][\n]"
20:00:53.934 [ForkJoinPool-1-worker-3] DEBUG org.apache.http.wire -  << "Transfer-Encoding: chunked[\r][\n]"
20:00:53.934 [ForkJoinPool-1-worker-5] DEBUG org.apache.http.wire -  << "Transfer-Encoding: chunked[\r][\n]"
20:00:53.934 [ForkJoinPool-1-worker-7] DEBUG org.apache.http.wire -  << "Transfer-Encoding: chunked[\r][\n]"
20:00:53.935 [ForkJoinPool-1-worker-3] DEBUG org.apache.http.wire -  << "Date: Fri, 09 Jul 2021 14:30:53 GMT[\r][\n]"
20:00:53.935 [ForkJoinPool-1-worker-5] DEBUG org.apache.http.wire -  << "Date: Fri, 09 Jul 2021 14:30:53 GMT[\r][\n]"
20:00:53.935 [ForkJoinPool-1-worker-7] DEBUG org.apache.http.wire -  << "Date: Fri, 09 Jul 2021 14:30:53 GMT[\r][\n]"
20:00:53.935 [ForkJoinPool-1-worker-3] DEBUG org.apache.http.wire -  << "Keep-Alive: timeout=60[\r][\n]"
20:00:53.936 [ForkJoinPool-1-worker-5] DEBUG org.apache.http.wire -  << "Keep-Alive: timeout=60[\r][\n]"
20:00:53.936 [ForkJoinPool-1-worker-7] DEBUG org.apache.http.wire -  << "Keep-Alive: timeout=60[\r][\n]"
20:00:53.936 [ForkJoinPool-1-worker-3] DEBUG org.apache.http.wire -  << "Connection: keep-alive[\r][\n]"
20:00:53.936 [ForkJoinPool-1-worker-5] DEBUG org.apache.http.wire -  << "Connection: keep-alive[\r][\n]"
20:00:53.937 [ForkJoinPool-1-worker-7] DEBUG org.apache.http.wire -  << "Connection: keep-alive[\r][\n]"
20:00:53.937 [ForkJoinPool-1-worker-5] DEBUG org.apache.http.wire -  << "[\r][\n]"
20:00:53.937 [ForkJoinPool-1-worker-7] DEBUG org.apache.http.wire -  << "[\r][\n]"
20:00:53.937 [ForkJoinPool-1-worker-3] DEBUG org.apache.http.wire -  << "[\r][\n]"
20:00:53.941 [ForkJoinPool-1-worker-5] DEBUG org.apache.http.impl.conn.DefaultClientConnection - Receiving response: HTTP/1.1 200 
20:00:53.941 [ForkJoinPool-1-worker-3] DEBUG org.apache.http.impl.conn.DefaultClientConnection - Receiving response: HTTP/1.1 200 
20:00:53.941 [ForkJoinPool-1-worker-7] DEBUG org.apache.http.impl.conn.DefaultClientConnection - Receiving response: HTTP/1.1 200 
20:00:53.941 [ForkJoinPool-1-worker-5] DEBUG org.apache.http.headers - << HTTP/1.1 200 
20:00:53.942 [ForkJoinPool-1-worker-7] DEBUG org.apache.http.headers - << HTTP/1.1 200 
20:00:53.941 [ForkJoinPool-1-worker-3] DEBUG org.apache.http.headers - << HTTP/1.1 200 
20:00:53.942 [ForkJoinPool-1-worker-5] DEBUG org.apache.http.headers - << Content-Type: application/json
20:00:53.942 [ForkJoinPool-1-worker-7] DEBUG org.apache.http.headers - << Content-Type: application/json
20:00:53.942 [ForkJoinPool-1-worker-3] DEBUG org.apache.http.headers - << Content-Type: application/json
20:00:53.943 [ForkJoinPool-1-worker-5] DEBUG org.apache.http.headers - << Transfer-Encoding: chunked
20:00:53.943 [ForkJoinPool-1-worker-7] DEBUG org.apache.http.headers - << Transfer-Encoding: chunked
20:00:53.943 [ForkJoinPool-1-worker-3] DEBUG org.apache.http.headers - << Transfer-Encoding: chunked
20:00:53.943 [ForkJoinPool-1-worker-5] DEBUG org.apache.http.headers - << Date: Fri, 09 Jul 2021 14:30:53 GMT
20:00:53.944 [ForkJoinPool-1-worker-3] DEBUG org.apache.http.headers - << Date: Fri, 09 Jul 2021 14:30:53 GMT
20:00:53.943 [ForkJoinPool-1-worker-7] DEBUG org.apache.http.headers - << Date: Fri, 09 Jul 2021 14:30:53 GMT
20:00:53.944 [ForkJoinPool-1-worker-5] DEBUG org.apache.http.headers - << Keep-Alive: timeout=60
20:00:53.944 [ForkJoinPool-1-worker-3] DEBUG org.apache.http.headers - << Keep-Alive: timeout=60
20:00:53.945 [ForkJoinPool-1-worker-5] DEBUG org.apache.http.headers - << Connection: keep-alive
20:00:53.944 [ForkJoinPool-1-worker-7] DEBUG org.apache.http.headers - << Keep-Alive: timeout=60
20:00:53.945 [ForkJoinPool-1-worker-3] DEBUG org.apache.http.headers - << Connection: keep-alive
20:00:53.945 [ForkJoinPool-1-worker-7] DEBUG org.apache.http.headers - << Connection: keep-alive
20:00:53.976 [ForkJoinPool-1-worker-3] DEBUG org.apache.http.impl.client.DefaultHttpClient - Connection can be kept alive for 60000 MILLISECONDS
20:00:53.976 [ForkJoinPool-1-worker-7] DEBUG org.apache.http.impl.client.DefaultHttpClient - Connection can be kept alive for 60000 MILLISECONDS
20:00:53.976 [ForkJoinPool-1-worker-5] DEBUG org.apache.http.impl.client.DefaultHttpClient - Connection can be kept alive for 60000 MILLISECONDS
20:00:54.057 [ForkJoinPool-1-worker-5] DEBUG io.restassured.internal.RequestSpecificationImpl$RestAssuredHttpBuilder - Parsing response as: application/json
20:00:54.057 [ForkJoinPool-1-worker-7] DEBUG io.restassured.internal.RequestSpecificationImpl$RestAssuredHttpBuilder - Parsing response as: application/json
20:00:54.057 [ForkJoinPool-1-worker-3] DEBUG io.restassured.internal.RequestSpecificationImpl$RestAssuredHttpBuilder - Parsing response as: application/json
20:00:54.058 [ForkJoinPool-1-worker-5] DEBUG io.restassured.internal.RequestSpecificationImpl$RestAssuredHttpBuilder - Parsed data to instance of: class org.apache.http.conn.EofSensorInputStream
20:00:54.058 [ForkJoinPool-1-worker-7] DEBUG io.restassured.internal.RequestSpecificationImpl$RestAssuredHttpBuilder - Parsed data to instance of: class org.apache.http.conn.EofSensorInputStream
20:00:54.058 [ForkJoinPool-1-worker-3] DEBUG io.restassured.internal.RequestSpecificationImpl$RestAssuredHttpBuilder - Parsed data to instance of: class org.apache.http.conn.EofSensorInputStream
20:00:54.190 [ForkJoinPool-1-worker-3] DEBUG org.apache.http.wire -  << "4[\r][\n]"
20:00:54.190 [ForkJoinPool-1-worker-5] DEBUG org.apache.http.wire -  << "4[\r][\n]"
20:00:54.190 [ForkJoinPool-1-worker-7] DEBUG org.apache.http.wire -  << "4[\r][\n]"
20:00:54.191 [ForkJoinPool-1-worker-7] DEBUG org.apache.http.wire -  << "2280"
20:00:54.191 [ForkJoinPool-1-worker-3] DEBUG org.apache.http.wire -  << "2279"
20:00:54.191 [ForkJoinPool-1-worker-5] DEBUG org.apache.http.wire -  << "2281"
20:00:54.195 [ForkJoinPool-1-worker-3] DEBUG org.apache.http.wire -  << "[\r][\n]"
20:00:54.198 [ForkJoinPool-1-worker-3] DEBUG org.apache.http.wire -  << "0[\r][\n]"
20:00:54.198 [ForkJoinPool-1-worker-3] DEBUG org.apache.http.wire -  << "[\r][\n]"
20:00:54.198 [ForkJoinPool-1-worker-3] DEBUG org.apache.http.impl.conn.BasicClientConnectionManager - Releasing connection org.apache.http.impl.conn.ManagedClientConnectionImpl@1829e9c
20:00:54.198 [ForkJoinPool-1-worker-7] DEBUG org.apache.http.wire -  << "[\r][\n]"
20:00:54.198 [ForkJoinPool-1-worker-3] DEBUG org.apache.http.impl.conn.BasicClientConnectionManager - Connection can be kept alive for 60000 MILLISECONDS
20:00:54.199 [ForkJoinPool-1-worker-7] DEBUG org.apache.http.wire -  << "0[\r][\n]"
20:00:54.199 [ForkJoinPool-1-worker-5] DEBUG org.apache.http.wire -  << "[\r][\n]"
20:00:54.199 [ForkJoinPool-1-worker-7] DEBUG org.apache.http.wire -  << "[\r][\n]"
20:00:54.199 [ForkJoinPool-1-worker-5] DEBUG org.apache.http.wire -  << "0[\r][\n]"
20:00:54.199 [ForkJoinPool-1-worker-7] DEBUG org.apache.http.impl.conn.BasicClientConnectionManager - Releasing connection org.apache.http.impl.conn.ManagedClientConnectionImpl@5f7e95de
20:00:54.200 [ForkJoinPool-1-worker-5] DEBUG org.apache.http.wire -  << "[\r][\n]"
20:00:54.204 [ForkJoinPool-1-worker-7] DEBUG org.apache.http.impl.conn.BasicClientConnectionManager - Connection can be kept alive for 60000 MILLISECONDS
20:00:54.205 [ForkJoinPool-1-worker-5] DEBUG org.apache.http.impl.conn.BasicClientConnectionManager - Releasing connection org.apache.http.impl.conn.ManagedClientConnectionImpl@70382e79
20:00:54.205 [ForkJoinPool-1-worker-5] DEBUG org.apache.http.impl.conn.BasicClientConnectionManager - Connection can be kept alive for 60000 MILLISECONDS
2281
[create, Test01] Test completed
[create, Test03] Test completed
[create, Test02] Test completed
[Test03] Test Started
20:00:54.427 [ForkJoinPool-1-worker-3] DEBUG org.apache.http.impl.conn.BasicClientConnectionManager - Get connection for route {}->http://localhost:8082
20:00:54.427 [ForkJoinPool-1-worker-3] DEBUG org.apache.http.impl.conn.DefaultClientConnectionOperator - Connecting to localhost:8082
20:00:54.428 [ForkJoinPool-1-worker-3] DEBUG org.apache.http.client.protocol.RequestAddCookies - CookieSpec selected: ignoreCookies
20:00:54.429 [ForkJoinPool-1-worker-3] DEBUG org.apache.http.client.protocol.RequestAuthCache - Auth cache not set in the context
20:00:54.429 [ForkJoinPool-1-worker-3] DEBUG org.apache.http.client.protocol.RequestTargetAuthentication - Target auth state: UNCHALLENGED
20:00:54.429 [ForkJoinPool-1-worker-3] DEBUG org.apache.http.client.protocol.RequestProxyAuthentication - Proxy auth state: UNCHALLENGED
20:00:54.429 [ForkJoinPool-1-worker-3] DEBUG org.apache.http.impl.client.DefaultHttpClient - Attempt 1 to execute request
20:00:54.429 [ForkJoinPool-1-worker-3] DEBUG org.apache.http.impl.conn.DefaultClientConnection - Sending request: GET /Employee/2101 HTTP/1.1
20:00:54.430 [ForkJoinPool-1-worker-3] DEBUG org.apache.http.wire -  >> "GET /Employee/2101 HTTP/1.1[\r][\n]"
20:00:54.430 [ForkJoinPool-1-worker-3] DEBUG org.apache.http.wire -  >> "Accept: */*[\r][\n]"
20:00:54.430 [ForkJoinPool-1-worker-3] DEBUG org.apache.http.wire -  >> "Host: localhost:8082[\r][\n]"
20:00:54.430 [ForkJoinPool-1-worker-3] DEBUG org.apache.http.wire -  >> "Connection: Keep-Alive[\r][\n]"
20:00:54.430 [ForkJoinPool-1-worker-3] DEBUG org.apache.http.wire -  >> "User-Agent: Apache-HttpClient/4.5.13 (Java/11.0.9)[\r][\n]"
20:00:54.430 [ForkJoinPool-1-worker-3] DEBUG org.apache.http.wire -  >> "Accept-Encoding: gzip,deflate[\r][\n]"
20:00:54.431 [ForkJoinPool-1-worker-3] DEBUG org.apache.http.wire -  >> "[\r][\n]"
20:00:54.431 [ForkJoinPool-1-worker-3] DEBUG org.apache.http.headers - >> GET /Employee/2101 HTTP/1.1
20:00:54.431 [ForkJoinPool-1-worker-3] DEBUG org.apache.http.headers - >> Accept: */*
20:00:54.431 [ForkJoinPool-1-worker-3] DEBUG org.apache.http.headers - >> Host: localhost:8082
20:00:54.431 [ForkJoinPool-1-worker-3] DEBUG org.apache.http.headers - >> Connection: Keep-Alive
20:00:54.431 [ForkJoinPool-1-worker-3] DEBUG org.apache.http.headers - >> User-Agent: Apache-HttpClient/4.5.13 (Java/11.0.9)
20:00:54.431 [ForkJoinPool-1-worker-3] DEBUG org.apache.http.headers - >> Accept-Encoding: gzip,deflate
20:00:54.789 [ForkJoinPool-1-worker-7] DEBUG org.apache.http.wire -  << "HTTP/1.1 200 [\r][\n]"
20:00:54.789 [ForkJoinPool-1-worker-3] DEBUG org.apache.http.wire -  << "HTTP/1.1 200 [\r][\n]"
20:00:54.789 [ForkJoinPool-1-worker-5] DEBUG org.apache.http.wire -  << "HTTP/1.1 200 [\r][\n]"
20:00:54.790 [ForkJoinPool-1-worker-7] DEBUG org.apache.http.wire -  << "Content-Type: application/json[\r][\n]"
20:00:54.790 [ForkJoinPool-1-worker-3] DEBUG org.apache.http.wire -  << "Content-Type: application/json[\r][\n]"
20:00:54.790 [ForkJoinPool-1-worker-5] DEBUG org.apache.http.wire -  << "Content-Type: application/json[\r][\n]"
20:00:54.791 [ForkJoinPool-1-worker-7] DEBUG org.apache.http.wire -  << "Transfer-Encoding: chunked[\r][\n]"
20:00:54.791 [ForkJoinPool-1-worker-3] DEBUG org.apache.http.wire -  << "Transfer-Encoding: chunked[\r][\n]"
20:00:54.791 [ForkJoinPool-1-worker-7] DEBUG org.apache.http.wire -  << "Date: Fri, 09 Jul 2021 14:30:53 GMT[\r][\n]"
20:00:54.791 [ForkJoinPool-1-worker-3] DEBUG org.apache.http.wire -  << "Date: Fri, 09 Jul 2021 14:30:53 GMT[\r][\n]"
20:00:54.791 [ForkJoinPool-1-worker-5] DEBUG org.apache.http.wire -  << "Transfer-Encoding: chunked[\r][\n]"
20:00:54.792 [ForkJoinPool-1-worker-7] DEBUG org.apache.http.wire -  << "Keep-Alive: timeout=60[\r][\n]"
20:00:54.792 [ForkJoinPool-1-worker-5] DEBUG org.apache.http.wire -  << "Date: Fri, 09 Jul 2021 14:30:53 GMT[\r][\n]"
20:00:54.792 [ForkJoinPool-1-worker-7] DEBUG org.apache.http.wire -  << "Connection: keep-alive[\r][\n]"
20:00:54.792 [ForkJoinPool-1-worker-3] DEBUG org.apache.http.wire -  << "Keep-Alive: timeout=60[\r][\n]"
20:00:54.792 [ForkJoinPool-1-worker-5] DEBUG org.apache.http.wire -  << "Keep-Alive: timeout=60[\r][\n]"
20:00:54.792 [ForkJoinPool-1-worker-7] DEBUG org.apache.http.wire -  << "[\r][\n]"
20:00:54.792 [ForkJoinPool-1-worker-3] DEBUG org.apache.http.wire -  << "Connection: keep-alive[\r][\n]"
20:00:54.793 [ForkJoinPool-1-worker-5] DEBUG org.apache.http.wire -  << "Connection: keep-alive[\r][\n]"
20:00:54.793 [ForkJoinPool-1-worker-7] DEBUG org.apache.http.impl.conn.DefaultClientConnection - Receiving response: HTTP/1.1 200 
20:00:54.793 [ForkJoinPool-1-worker-3] DEBUG org.apache.http.wire -  << "[\r][\n]"
20:00:54.793 [ForkJoinPool-1-worker-5] DEBUG org.apache.http.wire -  << "[\r][\n]"
20:00:54.793 [ForkJoinPool-1-worker-7] DEBUG org.apache.http.headers - << HTTP/1.1 200 
20:00:54.794 [ForkJoinPool-1-worker-3] DEBUG org.apache.http.impl.conn.DefaultClientConnection - Receiving response: HTTP/1.1 200 
20:00:54.794 [ForkJoinPool-1-worker-5] DEBUG org.apache.http.impl.conn.DefaultClientConnection - Receiving response: HTTP/1.1 200 
20:00:54.794 [ForkJoinPool-1-worker-7] DEBUG org.apache.http.headers - << Content-Type: application/json
20:00:54.794 [ForkJoinPool-1-worker-3] DEBUG org.apache.http.headers - << HTTP/1.1 200 
20:00:54.794 [ForkJoinPool-1-worker-5] DEBUG org.apache.http.headers - << HTTP/1.1 200 
20:00:54.795 [ForkJoinPool-1-worker-7] DEBUG org.apache.http.headers - << Transfer-Encoding: chunked
20:00:54.795 [ForkJoinPool-1-worker-3] DEBUG org.apache.http.headers - << Content-Type: application/json
20:00:54.795 [ForkJoinPool-1-worker-5] DEBUG org.apache.http.headers - << Content-Type: application/json
20:00:54.795 [ForkJoinPool-1-worker-7] DEBUG org.apache.http.headers - << Date: Fri, 09 Jul 2021 14:30:53 GMT
20:00:54.795 [ForkJoinPool-1-worker-5] DEBUG org.apache.http.headers - << Transfer-Encoding: chunked
20:00:54.796 [ForkJoinPool-1-worker-7] DEBUG org.apache.http.headers - << Keep-Alive: timeout=60
20:00:54.795 [ForkJoinPool-1-worker-3] DEBUG org.apache.http.headers - << Transfer-Encoding: chunked
20:00:54.796 [ForkJoinPool-1-worker-5] DEBUG org.apache.http.headers - << Date: Fri, 09 Jul 2021 14:30:53 GMT
20:00:54.796 [ForkJoinPool-1-worker-5] DEBUG org.apache.http.headers - << Keep-Alive: timeout=60
20:00:54.796 [ForkJoinPool-1-worker-7] DEBUG org.apache.http.headers - << Connection: keep-alive
20:00:54.797 [ForkJoinPool-1-worker-5] DEBUG org.apache.http.headers - << Connection: keep-alive
20:00:54.797 [ForkJoinPool-1-worker-7] DEBUG org.apache.http.impl.client.DefaultHttpClient - Connection can be kept alive for 60000 MILLISECONDS
20:00:54.796 [ForkJoinPool-1-worker-3] DEBUG org.apache.http.headers - << Date: Fri, 09 Jul 2021 14:30:53 GMT
20:00:54.797 [ForkJoinPool-1-worker-5] DEBUG org.apache.http.impl.client.DefaultHttpClient - Connection can be kept alive for 60000 MILLISECONDS
20:00:54.798 [ForkJoinPool-1-worker-3] DEBUG org.apache.http.headers - << Keep-Alive: timeout=60
20:00:54.798 [ForkJoinPool-1-worker-3] DEBUG org.apache.http.headers - << Connection: keep-alive
20:00:54.799 [ForkJoinPool-1-worker-3] DEBUG org.apache.http.impl.client.DefaultHttpClient - Connection can be kept alive for 60000 MILLISECONDS
20:00:54.799 [ForkJoinPool-1-worker-7] DEBUG io.restassured.internal.RequestSpecificationImpl$RestAssuredHttpBuilder - Parsing response as: application/json
20:00:54.799 [ForkJoinPool-1-worker-5] DEBUG io.restassured.internal.RequestSpecificationImpl$RestAssuredHttpBuilder - Parsing response as: application/json
20:00:54.800 [ForkJoinPool-1-worker-7] DEBUG io.restassured.internal.RequestSpecificationImpl$RestAssuredHttpBuilder - Parsed data to instance of: class org.apache.http.conn.EofSensorInputStream
20:00:54.801 [ForkJoinPool-1-worker-3] DEBUG io.restassured.internal.RequestSpecificationImpl$RestAssuredHttpBuilder - Parsing response as: application/json
20:00:54.801 [ForkJoinPool-1-worker-5] DEBUG io.restassured.internal.RequestSpecificationImpl$RestAssuredHttpBuilder - Parsed data to instance of: class org.apache.http.conn.EofSensorInputStream
20:00:54.801 [ForkJoinPool-1-worker-3] DEBUG io.restassured.internal.RequestSpecificationImpl$RestAssuredHttpBuilder - Parsed data to instance of: class org.apache.http.conn.EofSensorInputStream
20:00:54.804 [ForkJoinPool-1-worker-7] DEBUG org.apache.http.wire -  << "21e[\r][\n]"
20:00:54.804 [ForkJoinPool-1-worker-5] DEBUG org.apache.http.wire -  << "21e[\r][\n]"
20:00:54.805 [ForkJoinPool-1-worker-5] DEBUG org.apache.http.wire -  << "{"empId":2281,"firstName":"David42","middleName":"E","lastName":"Raj","fatherName":"Edwin","dob":"2000-12-31","gender":"m","maritalStatus":"single","uid":"8978675645","email":"benjamindavid023@gmail","phone":"9578821821","bloodGroup":"b+","doj":"2001-10-02","addressLine1":"1/10-4 Periyar Street                             ","addressLine2":"Malaiyappa Nagar                                  ","city":"Trichy","state":"Tamil Nadu","postalCode":"620010","country":"India","title":"Trainee","resume":null,"photo":null,"employeeStatus":"active"}"
20:00:54.805 [ForkJoinPool-1-worker-7] DEBUG org.apache.http.wire -  << "{"empId":2280,"firstName":"David42","middleName":"E","lastName":"Raj","fatherName":"Edwin","dob":"2000-12-31","gender":"m","maritalStatus":"single","uid":"8978675645","email":"benjamindavid023@gmail","phone":"9578821821","bloodGroup":"b+","doj":"2001-10-02","addressLine1":"1/10-4 Periyar Street                             ","addressLine2":"Malaiyappa Nagar                                  ","city":"Trichy","state":"Tamil Nadu","postalCode":"620010","country":"India","title":"Trainee","resume":null,"photo":null,"employeeStatus":"active"}"
20:00:54.806 [ForkJoinPool-1-worker-7] DEBUG org.apache.http.wire -  << "[\r][\n]"
20:00:54.806 [ForkJoinPool-1-worker-3] DEBUG org.apache.http.wire -  << "21e[\r][\n]"
20:00:54.806 [ForkJoinPool-1-worker-5] DEBUG org.apache.http.wire -  << "[\r][\n]"
20:00:54.806 [ForkJoinPool-1-worker-7] DEBUG org.apache.http.wire -  << "0[\r][\n]"
20:00:54.806 [ForkJoinPool-1-worker-3] DEBUG org.apache.http.wire -  << "{"empId":2101,"firstName":"David42","middleName":"E","lastName":"Raj","fatherName":"Edwin","dob":"2000-12-31","gender":"m","maritalStatus":"single","uid":"8978675645","email":"benjamindavid023@gmail","phone":"9578821821","bloodGroup":"b+","doj":"2001-10-02","addressLine1":"1/10-4 Periyar Street                             ","addressLine2":"Malaiyappa Nagar                                  ","city":"Trichy","state":"Tamil Nadu","postalCode":"620010","country":"India","title":"Trainee","resume":null,"photo":null,"employeeStatus":"active"}"
20:00:54.806 [ForkJoinPool-1-worker-5] DEBUG org.apache.http.wire -  << "0[\r][\n]"
20:00:54.807 [ForkJoinPool-1-worker-7] DEBUG org.apache.http.wire -  << "[\r][\n]"
20:00:54.807 [ForkJoinPool-1-worker-3] DEBUG org.apache.http.wire -  << "[\r][\n]"
20:00:54.807 [ForkJoinPool-1-worker-5] DEBUG org.apache.http.wire -  << "[\r][\n]"
20:00:54.807 [ForkJoinPool-1-worker-3] DEBUG org.apache.http.wire -  << "0[\r][\n]"
20:00:54.808 [ForkJoinPool-1-worker-3] DEBUG org.apache.http.wire -  << "[\r][\n]"
20:00:54.808 [ForkJoinPool-1-worker-7] DEBUG org.apache.http.impl.conn.BasicClientConnectionManager - Releasing connection org.apache.http.impl.conn.ManagedClientConnectionImpl@30c79d3b
20:00:54.808 [ForkJoinPool-1-worker-5] DEBUG org.apache.http.impl.conn.BasicClientConnectionManager - Releasing connection org.apache.http.impl.conn.ManagedClientConnectionImpl@5dd4332c
20:00:54.808 [ForkJoinPool-1-worker-7] DEBUG org.apache.http.impl.conn.BasicClientConnectionManager - Connection can be kept alive for 60000 MILLISECONDS
20:00:54.809 [ForkJoinPool-1-worker-5] DEBUG org.apache.http.impl.conn.BasicClientConnectionManager - Connection can be kept alive for 60000 MILLISECONDS
20:00:54.809 [ForkJoinPool-1-worker-3] DEBUG org.apache.http.impl.conn.BasicClientConnectionManager - Releasing connection org.apache.http.impl.conn.ManagedClientConnectionImpl@7c85ad6a
20:00:54.810 [ForkJoinPool-1-worker-3] DEBUG org.apache.http.impl.conn.BasicClientConnectionManager - Connection can be kept alive for 60000 MILLISECONDS
[get, Test01] Test completed
[get, Test02] Test completed
[Test03] Test completed
[get, Test02] Test Started
[Test03] Test Started
20:00:56.007 [ForkJoinPool-1-worker-7] DEBUG org.apache.http.impl.conn.BasicClientConnectionManager - Get connection for route {}->http://localhost:8082
20:00:56.007 [ForkJoinPool-1-worker-7] DEBUG org.apache.http.impl.conn.DefaultClientConnectionOperator - Connecting to localhost:8082
20:00:56.008 [ForkJoinPool-1-worker-3] DEBUG org.apache.http.impl.conn.BasicClientConnectionManager - Get connection for route {}->http://localhost:8082
20:00:56.008 [ForkJoinPool-1-worker-3] DEBUG org.apache.http.impl.conn.DefaultClientConnectionOperator - Connecting to localhost:8082
20:00:56.008 [ForkJoinPool-1-worker-7] DEBUG org.apache.http.client.protocol.RequestAddCookies - CookieSpec selected: ignoreCookies
20:00:56.009 [ForkJoinPool-1-worker-7] DEBUG org.apache.http.client.protocol.RequestAuthCache - Auth cache not set in the context
20:00:56.009 [ForkJoinPool-1-worker-7] DEBUG org.apache.http.client.protocol.RequestTargetAuthentication - Target auth state: UNCHALLENGED
20:00:56.009 [ForkJoinPool-1-worker-7] DEBUG org.apache.http.client.protocol.RequestProxyAuthentication - Proxy auth state: UNCHALLENGED
20:00:56.009 [ForkJoinPool-1-worker-7] DEBUG org.apache.http.impl.client.DefaultHttpClient - Attempt 1 to execute request
20:00:56.009 [ForkJoinPool-1-worker-7] DEBUG org.apache.http.impl.conn.DefaultClientConnection - Sending request: GET /Employee/2280 HTTP/1.1
20:00:56.010 [ForkJoinPool-1-worker-7] DEBUG org.apache.http.wire -  >> "GET /Employee/2280 HTTP/1.1[\r][\n]"
20:00:56.010 [ForkJoinPool-1-worker-3] DEBUG org.apache.http.client.protocol.RequestAddCookies - CookieSpec selected: ignoreCookies
20:00:56.010 [ForkJoinPool-1-worker-3] DEBUG org.apache.http.client.protocol.RequestAuthCache - Auth cache not set in the context
20:00:56.010 [ForkJoinPool-1-worker-3] DEBUG org.apache.http.client.protocol.RequestTargetAuthentication - Target auth state: UNCHALLENGED
20:00:56.010 [ForkJoinPool-1-worker-3] DEBUG org.apache.http.client.protocol.RequestProxyAuthentication - Proxy auth state: UNCHALLENGED
20:00:56.010 [ForkJoinPool-1-worker-3] DEBUG org.apache.http.impl.client.DefaultHttpClient - Attempt 1 to execute request
20:00:56.010 [ForkJoinPool-1-worker-7] DEBUG org.apache.http.wire -  >> "Accept: */*[\r][\n]"
20:00:56.010 [ForkJoinPool-1-worker-3] DEBUG org.apache.http.impl.conn.DefaultClientConnection - Sending request: GET /Employee/2102 HTTP/1.1
20:00:56.010 [ForkJoinPool-1-worker-7] DEBUG org.apache.http.wire -  >> "Host: localhost:8082[\r][\n]"
20:00:56.010 [ForkJoinPool-1-worker-3] DEBUG org.apache.http.wire -  >> "GET /Employee/2102 HTTP/1.1[\r][\n]"
20:00:56.010 [ForkJoinPool-1-worker-7] DEBUG org.apache.http.wire -  >> "Connection: Keep-Alive[\r][\n]"
20:00:56.010 [ForkJoinPool-1-worker-3] DEBUG org.apache.http.wire -  >> "Accept: */*[\r][\n]"
20:00:56.011 [ForkJoinPool-1-worker-3] DEBUG org.apache.http.wire -  >> "Host: localhost:8082[\r][\n]"
20:00:56.011 [ForkJoinPool-1-worker-7] DEBUG org.apache.http.wire -  >> "User-Agent: Apache-HttpClient/4.5.13 (Java/11.0.9)[\r][\n]"
20:00:56.011 [ForkJoinPool-1-worker-3] DEBUG org.apache.http.wire -  >> "Connection: Keep-Alive[\r][\n]"
20:00:56.011 [ForkJoinPool-1-worker-7] DEBUG org.apache.http.wire -  >> "Accept-Encoding: gzip,deflate[\r][\n]"
20:00:56.011 [ForkJoinPool-1-worker-3] DEBUG org.apache.http.wire -  >> "User-Agent: Apache-HttpClient/4.5.13 (Java/11.0.9)[\r][\n]"
20:00:56.011 [ForkJoinPool-1-worker-7] DEBUG org.apache.http.wire -  >> "[\r][\n]"
20:00:56.011 [ForkJoinPool-1-worker-7] DEBUG org.apache.http.headers - >> GET /Employee/2280 HTTP/1.1
20:00:56.011 [ForkJoinPool-1-worker-7] DEBUG org.apache.http.headers - >> Accept: */*
20:00:56.011 [ForkJoinPool-1-worker-7] DEBUG org.apache.http.headers - >> Host: localhost:8082
20:00:56.011 [ForkJoinPool-1-worker-3] DEBUG org.apache.http.wire -  >> "Accept-Encoding: gzip,deflate[\r][\n]"
20:00:56.011 [ForkJoinPool-1-worker-7] DEBUG org.apache.http.headers - >> Connection: Keep-Alive
20:00:56.012 [ForkJoinPool-1-worker-7] DEBUG org.apache.http.headers - >> User-Agent: Apache-HttpClient/4.5.13 (Java/11.0.9)
20:00:56.012 [ForkJoinPool-1-worker-7] DEBUG org.apache.http.headers - >> Accept-Encoding: gzip,deflate
20:00:56.011 [ForkJoinPool-1-worker-3] DEBUG org.apache.http.wire -  >> "[\r][\n]"
20:00:56.012 [ForkJoinPool-1-worker-3] DEBUG org.apache.http.headers - >> GET /Employee/2102 HTTP/1.1
20:00:56.012 [ForkJoinPool-1-worker-3] DEBUG org.apache.http.headers - >> Accept: */*
20:00:56.012 [ForkJoinPool-1-worker-3] DEBUG org.apache.http.headers - >> Host: localhost:8082
20:00:56.012 [ForkJoinPool-1-worker-3] DEBUG org.apache.http.headers - >> Connection: Keep-Alive
20:00:56.012 [ForkJoinPool-1-worker-3] DEBUG org.apache.http.headers - >> User-Agent: Apache-HttpClient/4.5.13 (Java/11.0.9)
20:00:56.013 [ForkJoinPool-1-worker-3] DEBUG org.apache.http.headers - >> Accept-Encoding: gzip,deflate
20:00:56.019 [ForkJoinPool-1-worker-5] DEBUG org.apache.http.impl.conn.BasicClientConnectionManager - Get connection for route {}->http://localhost:8082
20:00:56.019 [ForkJoinPool-1-worker-5] DEBUG org.apache.http.impl.conn.DefaultClientConnectionOperator - Connecting to localhost:8082
20:00:56.021 [ForkJoinPool-1-worker-5] DEBUG org.apache.http.client.protocol.RequestAddCookies - CookieSpec selected: ignoreCookies
20:00:56.021 [ForkJoinPool-1-worker-5] DEBUG org.apache.http.client.protocol.RequestAuthCache - Auth cache not set in the context
20:00:56.021 [ForkJoinPool-1-worker-5] DEBUG org.apache.http.client.protocol.RequestTargetAuthentication - Target auth state: UNCHALLENGED
20:00:56.021 [ForkJoinPool-1-worker-5] DEBUG org.apache.http.client.protocol.RequestProxyAuthentication - Proxy auth state: UNCHALLENGED
20:00:56.021 [ForkJoinPool-1-worker-5] DEBUG org.apache.http.impl.client.DefaultHttpClient - Attempt 1 to execute request
20:00:56.021 [ForkJoinPool-1-worker-5] DEBUG org.apache.http.impl.conn.DefaultClientConnection - Sending request: PUT /Employee/ HTTP/1.1
20:00:56.022 [ForkJoinPool-1-worker-5] DEBUG org.apache.http.wire -  >> "PUT /Employee/ HTTP/1.1[\r][\n]"
20:00:56.022 [ForkJoinPool-1-worker-5] DEBUG org.apache.http.wire -  >> "Accept: */*[\r][\n]"
20:00:56.022 [ForkJoinPool-1-worker-5] DEBUG org.apache.http.wire -  >> "Content-Type: application/json; charset=UTF-8[\r][\n]"
20:00:56.022 [ForkJoinPool-1-worker-5] DEBUG org.apache.http.wire -  >> "Content-Length: 480[\r][\n]"
20:00:56.022 [ForkJoinPool-1-worker-5] DEBUG org.apache.http.wire -  >> "Host: localhost:8082[\r][\n]"
20:00:56.022 [ForkJoinPool-1-worker-5] DEBUG org.apache.http.wire -  >> "Connection: Keep-Alive[\r][\n]"
20:00:56.022 [ForkJoinPool-1-worker-5] DEBUG org.apache.http.wire -  >> "User-Agent: Apache-HttpClient/4.5.13 (Java/11.0.9)[\r][\n]"
20:00:56.022 [ForkJoinPool-1-worker-5] DEBUG org.apache.http.wire -  >> "Accept-Encoding: gzip,deflate[\r][\n]"
20:00:56.022 [ForkJoinPool-1-worker-5] DEBUG org.apache.http.wire -  >> "[\r][\n]"
20:00:56.022 [ForkJoinPool-1-worker-5] DEBUG org.apache.http.headers - >> PUT /Employee/ HTTP/1.1
20:00:56.023 [ForkJoinPool-1-worker-5] DEBUG org.apache.http.headers - >> Accept: */*
20:00:56.023 [ForkJoinPool-1-worker-5] DEBUG org.apache.http.headers - >> Content-Type: application/json; charset=UTF-8
20:00:56.023 [ForkJoinPool-1-worker-5] DEBUG org.apache.http.headers - >> Content-Length: 480
20:00:56.023 [ForkJoinPool-1-worker-5] DEBUG org.apache.http.headers - >> Host: localhost:8082
20:00:56.023 [ForkJoinPool-1-worker-5] DEBUG org.apache.http.headers - >> Connection: Keep-Alive
20:00:56.023 [ForkJoinPool-1-worker-5] DEBUG org.apache.http.headers - >> User-Agent: Apache-HttpClient/4.5.13 (Java/11.0.9)
20:00:56.023 [ForkJoinPool-1-worker-5] DEBUG org.apache.http.headers - >> Accept-Encoding: gzip,deflate
20:00:56.023 [ForkJoinPool-1-worker-5] DEBUG org.apache.http.wire -  >> "{"empId":2281,"firstName":"David42","middleName":"E","lastName":"Raj","fatherName":"Edwin","dob":978201000000,"gender":"m","maritalStatus":"single","uid":"8978675645","email":"benjamindavid023@gmail","phone":"9578821821","bloodGroup":"b+","doj":1001961000000,"addressLine1":"1/10-4 Periyar Street","addressLine2":"Malaiyappa Nagar","city":"Trichy","state":"Tamil Nadu","postalCode":"620010","country":"India","title":"Trainee","resume":null,"photo":null,"employeeStatus":"active"}"
20:00:56.240 [ForkJoinPool-1-worker-7] DEBUG org.apache.http.wire -  << "HTTP/1.1 200 [\r][\n]"
20:00:56.240 [ForkJoinPool-1-worker-7] DEBUG org.apache.http.wire -  << "Content-Type: application/json[\r][\n]"
20:00:56.240 [ForkJoinPool-1-worker-7] DEBUG org.apache.http.wire -  << "Transfer-Encoding: chunked[\r][\n]"
20:00:56.241 [ForkJoinPool-1-worker-7] DEBUG org.apache.http.wire -  << "Date: Fri, 09 Jul 2021 14:30:56 GMT[\r][\n]"
20:00:56.241 [ForkJoinPool-1-worker-7] DEBUG org.apache.http.wire -  << "Keep-Alive: timeout=60[\r][\n]"
20:00:56.241 [ForkJoinPool-1-worker-7] DEBUG org.apache.http.wire -  << "Connection: keep-alive[\r][\n]"
20:00:56.241 [ForkJoinPool-1-worker-7] DEBUG org.apache.http.wire -  << "[\r][\n]"
20:00:56.241 [ForkJoinPool-1-worker-7] DEBUG org.apache.http.impl.conn.DefaultClientConnection - Receiving response: HTTP/1.1 200 
20:00:56.241 [ForkJoinPool-1-worker-7] DEBUG org.apache.http.headers - << HTTP/1.1 200 
20:00:56.241 [ForkJoinPool-1-worker-7] DEBUG org.apache.http.headers - << Content-Type: application/json
20:00:56.241 [ForkJoinPool-1-worker-7] DEBUG org.apache.http.headers - << Transfer-Encoding: chunked
20:00:56.241 [ForkJoinPool-1-worker-7] DEBUG org.apache.http.headers - << Date: Fri, 09 Jul 2021 14:30:56 GMT
20:00:56.241 [ForkJoinPool-1-worker-7] DEBUG org.apache.http.headers - << Keep-Alive: timeout=60
20:00:56.241 [ForkJoinPool-1-worker-7] DEBUG org.apache.http.headers - << Connection: keep-alive
20:00:56.241 [ForkJoinPool-1-worker-7] DEBUG org.apache.http.impl.client.DefaultHttpClient - Connection can be kept alive for 60000 MILLISECONDS
20:00:56.242 [ForkJoinPool-1-worker-7] DEBUG io.restassured.internal.RequestSpecificationImpl$RestAssuredHttpBuilder - Parsing response as: application/json
20:00:56.242 [ForkJoinPool-1-worker-7] DEBUG io.restassured.internal.RequestSpecificationImpl$RestAssuredHttpBuilder - Parsed data to instance of: class org.apache.http.conn.EofSensorInputStream
20:00:56.243 [ForkJoinPool-1-worker-7] DEBUG org.apache.http.wire -  << "21e[\r][\n]"
20:00:56.243 [ForkJoinPool-1-worker-7] DEBUG org.apache.http.wire -  << "{"empId":2280,"firstName":"David42","middleName":"E","lastName":"Raj","fatherName":"Edwin","dob":"2000-12-31","gender":"m","maritalStatus":"single","uid":"8978675645","email":"benjamindavid023@gmail","phone":"9578821821","bloodGroup":"b+","doj":"2001-10-02","addressLine1":"1/10-4 Periyar Street                             ","addressLine2":"Malaiyappa Nagar                                  ","city":"Trichy","state":"Tamil Nadu","postalCode":"620010","country":"India","title":"Trainee","resume":null,"photo":null,"employeeStatus":"active"}"
20:00:56.244 [ForkJoinPool-1-worker-7] DEBUG org.apache.http.wire -  << "[\r][\n]"
20:00:56.245 [ForkJoinPool-1-worker-7] DEBUG org.apache.http.wire -  << "0[\r][\n]"
20:00:56.245 [ForkJoinPool-1-worker-7] DEBUG org.apache.http.wire -  << "[\r][\n]"
20:00:56.245 [ForkJoinPool-1-worker-7] DEBUG org.apache.http.impl.conn.BasicClientConnectionManager - Releasing connection org.apache.http.impl.conn.ManagedClientConnectionImpl@5bd3b999
20:00:56.245 [ForkJoinPool-1-worker-7] DEBUG org.apache.http.impl.conn.BasicClientConnectionManager - Connection can be kept alive for 60000 MILLISECONDS
[get, Test02] Test completed
[Test03] Test Started
20:00:56.320 [ForkJoinPool-1-worker-5] DEBUG org.apache.http.wire -  << "HTTP/1.1 200 [\r][\n]"
20:00:56.320 [ForkJoinPool-1-worker-5] DEBUG org.apache.http.wire -  << "Content-Length: 0[\r][\n]"
20:00:56.320 [ForkJoinPool-1-worker-5] DEBUG org.apache.http.wire -  << "Date: Fri, 09 Jul 2021 14:30:56 GMT[\r][\n]"
20:00:56.320 [ForkJoinPool-1-worker-5] DEBUG org.apache.http.wire -  << "Keep-Alive: timeout=60[\r][\n]"
20:00:56.320 [ForkJoinPool-1-worker-5] DEBUG org.apache.http.wire -  << "Connection: keep-alive[\r][\n]"
20:00:56.320 [ForkJoinPool-1-worker-5] DEBUG org.apache.http.wire -  << "[\r][\n]"
20:00:56.321 [ForkJoinPool-1-worker-5] DEBUG org.apache.http.impl.conn.DefaultClientConnection - Receiving response: HTTP/1.1 200 
20:00:56.321 [ForkJoinPool-1-worker-5] DEBUG org.apache.http.headers - << HTTP/1.1 200 
20:00:56.321 [ForkJoinPool-1-worker-5] DEBUG org.apache.http.headers - << Content-Length: 0
20:00:56.321 [ForkJoinPool-1-worker-5] DEBUG org.apache.http.headers - << Date: Fri, 09 Jul 2021 14:30:56 GMT
20:00:56.321 [ForkJoinPool-1-worker-5] DEBUG org.apache.http.headers - << Keep-Alive: timeout=60
20:00:56.321 [ForkJoinPool-1-worker-5] DEBUG org.apache.http.headers - << Connection: keep-alive
20:00:56.322 [ForkJoinPool-1-worker-5] DEBUG org.apache.http.impl.client.DefaultHttpClient - Connection can be kept alive for 60000 MILLISECONDS
[update, Test01] Test completed
20:00:56.515 [ForkJoinPool-1-worker-5] DEBUG org.apache.http.impl.conn.BasicClientConnectionManager - Get connection for route {}->http://localhost:8082
20:00:56.515 [ForkJoinPool-1-worker-5] DEBUG org.apache.http.impl.conn.DefaultClientConnectionOperator - Connecting to localhost:8082
20:00:56.517 [ForkJoinPool-1-worker-5] DEBUG org.apache.http.client.protocol.RequestAddCookies - CookieSpec selected: ignoreCookies
20:00:56.517 [ForkJoinPool-1-worker-5] DEBUG org.apache.http.client.protocol.RequestAuthCache - Auth cache not set in the context
20:00:56.517 [ForkJoinPool-1-worker-5] DEBUG org.apache.http.client.protocol.RequestTargetAuthentication - Target auth state: UNCHALLENGED
20:00:56.517 [ForkJoinPool-1-worker-5] DEBUG org.apache.http.client.protocol.RequestProxyAuthentication - Proxy auth state: UNCHALLENGED
20:00:56.517 [ForkJoinPool-1-worker-5] DEBUG org.apache.http.impl.client.DefaultHttpClient - Attempt 1 to execute request
20:00:56.518 [ForkJoinPool-1-worker-5] DEBUG org.apache.http.impl.conn.DefaultClientConnection - Sending request: GET /Employees HTTP/1.1
20:00:56.518 [ForkJoinPool-1-worker-5] DEBUG org.apache.http.wire -  >> "GET /Employees HTTP/1.1[\r][\n]"
20:00:56.518 [ForkJoinPool-1-worker-5] DEBUG org.apache.http.wire -  >> "Accept: */*[\r][\n]"
20:00:56.518 [ForkJoinPool-1-worker-5] DEBUG org.apache.http.wire -  >> "Host: localhost:8082[\r][\n]"
20:00:56.518 [ForkJoinPool-1-worker-5] DEBUG org.apache.http.wire -  >> "Connection: Keep-Alive[\r][\n]"
20:00:56.518 [ForkJoinPool-1-worker-5] DEBUG org.apache.http.wire -  >> "User-Agent: Apache-HttpClient/4.5.13 (Java/11.0.9)[\r][\n]"
20:00:56.518 [ForkJoinPool-1-worker-5] DEBUG org.apache.http.wire -  >> "Accept-Encoding: gzip,deflate[\r][\n]"
20:00:56.518 [ForkJoinPool-1-worker-5] DEBUG org.apache.http.wire -  >> "[\r][\n]"
20:00:56.518 [ForkJoinPool-1-worker-5] DEBUG org.apache.http.headers - >> GET /Employees HTTP/1.1
20:00:56.518 [ForkJoinPool-1-worker-5] DEBUG org.apache.http.headers - >> Accept: */*
20:00:56.519 [ForkJoinPool-1-worker-5] DEBUG org.apache.http.headers - >> Host: localhost:8082
20:00:56.519 [ForkJoinPool-1-worker-5] DEBUG org.apache.http.headers - >> Connection: Keep-Alive
20:00:56.519 [ForkJoinPool-1-worker-5] DEBUG org.apache.http.headers - >> User-Agent: Apache-HttpClient/4.5.13 (Java/11.0.9)
20:00:56.519 [ForkJoinPool-1-worker-5] DEBUG org.apache.http.headers - >> Accept-Encoding: gzip,deflate
[update, Test03] Test Started
20:00:56.628 [ForkJoinPool-1-worker-7] DEBUG org.apache.http.wire -  << "HTTP/1.1 200 [\r][\n]"
20:00:56.628 [ForkJoinPool-1-worker-7] DEBUG org.apache.http.wire -  << "Content-Type: application/json[\r][\n]"
20:00:56.628 [ForkJoinPool-1-worker-7] DEBUG org.apache.http.wire -  << "Transfer-Encoding: chunked[\r][\n]"
20:00:56.628 [ForkJoinPool-1-worker-7] DEBUG org.apache.http.wire -  << "Date: Fri, 09 Jul 2021 14:30:56 GMT[\r][\n]"
20:00:56.629 [ForkJoinPool-1-worker-7] DEBUG org.apache.http.wire -  << "Keep-Alive: timeout=60[\r][\n]"
20:00:56.629 [ForkJoinPool-1-worker-3] DEBUG org.apache.http.impl.conn.BasicClientConnectionManager - Get connection for route {}->http://localhost:8082
20:00:56.629 [ForkJoinPool-1-worker-7] DEBUG org.apache.http.wire -  << "Connection: keep-alive[\r][\n]"
20:00:56.629 [ForkJoinPool-1-worker-7] DEBUG org.apache.http.wire -  << "[\r][\n]"
20:00:56.629 [ForkJoinPool-1-worker-7] DEBUG org.apache.http.impl.conn.DefaultClientConnection - Receiving response: HTTP/1.1 200 
20:00:56.629 [ForkJoinPool-1-worker-3] DEBUG org.apache.http.impl.conn.DefaultClientConnectionOperator - Connecting to localhost:8082
20:00:56.629 [ForkJoinPool-1-worker-7] DEBUG org.apache.http.headers - << HTTP/1.1 200 
20:00:56.629 [ForkJoinPool-1-worker-7] DEBUG org.apache.http.headers - << Content-Type: application/json
20:00:56.629 [ForkJoinPool-1-worker-7] DEBUG org.apache.http.headers - << Transfer-Encoding: chunked
20:00:56.629 [ForkJoinPool-1-worker-7] DEBUG org.apache.http.headers - << Date: Fri, 09 Jul 2021 14:30:56 GMT
20:00:56.629 [ForkJoinPool-1-worker-7] DEBUG org.apache.http.headers - << Keep-Alive: timeout=60
20:00:56.629 [ForkJoinPool-1-worker-7] DEBUG org.apache.http.headers - << Connection: keep-alive
20:00:56.630 [ForkJoinPool-1-worker-7] DEBUG org.apache.http.impl.client.DefaultHttpClient - Connection can be kept alive for 60000 MILLISECONDS
20:00:56.631 [ForkJoinPool-1-worker-7] DEBUG io.restassured.internal.RequestSpecificationImpl$RestAssuredHttpBuilder - Parsing response as: application/json
20:00:56.631 [ForkJoinPool-1-worker-7] DEBUG io.restassured.internal.RequestSpecificationImpl$RestAssuredHttpBuilder - Parsed data to instance of: class org.apache.http.conn.EofSensorInputStream
20:00:56.631 [ForkJoinPool-1-worker-3] DEBUG org.apache.http.client.protocol.RequestAddCookies - CookieSpec selected: ignoreCookies
20:00:56.631 [ForkJoinPool-1-worker-3] DEBUG org.apache.http.client.protocol.RequestAuthCache - Auth cache not set in the context
20:00:56.631 [ForkJoinPool-1-worker-3] DEBUG org.apache.http.client.protocol.RequestTargetAuthentication - Target auth state: UNCHALLENGED
20:00:56.631 [ForkJoinPool-1-worker-3] DEBUG org.apache.http.client.protocol.RequestProxyAuthentication - Proxy auth state: UNCHALLENGED
20:00:56.631 [ForkJoinPool-1-worker-3] DEBUG org.apache.http.impl.client.DefaultHttpClient - Attempt 1 to execute request
20:00:56.632 [ForkJoinPool-1-worker-3] DEBUG org.apache.http.impl.conn.DefaultClientConnection - Sending request: PUT /Employee/ HTTP/1.1
20:00:56.632 [ForkJoinPool-1-worker-3] DEBUG org.apache.http.wire -  >> "PUT /Employee/ HTTP/1.1[\r][\n]"
20:00:56.632 [ForkJoinPool-1-worker-3] DEBUG org.apache.http.wire -  >> "Accept: */*[\r][\n]"
20:00:56.632 [ForkJoinPool-1-worker-3] DEBUG org.apache.http.wire -  >> "Content-Type: application/json; charset=UTF-8[\r][\n]"
20:00:56.632 [ForkJoinPool-1-worker-7] DEBUG org.apache.http.wire -  << "21e[\r][\n]"
20:00:56.632 [ForkJoinPool-1-worker-3] DEBUG org.apache.http.wire -  >> "Content-Length: 480[\r][\n]"
20:00:56.632 [ForkJoinPool-1-worker-7] DEBUG org.apache.http.wire -  << "{"empId":2280,"firstName":"David42","middleName":"E","lastName":"Raj","fatherName":"Edwin","dob":"2000-12-31","gender":"m","maritalStatus":"single","uid":"8978675645","email":"benjamindavid023@gmail","phone":"9578821821","bloodGroup":"b+","doj":"2001-10-02","addressLine1":"1/10-4 Periyar Street                             ","addressLine2":"Malaiyappa Nagar                                  ","city":"Trichy","state":"Tamil Nadu","postalCode":"620010","country":"India","title":"Trainee","resume":null,"photo":null,"employeeStatus":"active"}"
20:00:56.632 [ForkJoinPool-1-worker-3] DEBUG org.apache.http.wire -  >> "Host: localhost:8082[\r][\n]"
20:00:56.632 [ForkJoinPool-1-worker-7] DEBUG org.apache.http.wire -  << "[\r][\n]"
20:00:56.633 [ForkJoinPool-1-worker-7] DEBUG org.apache.http.wire -  << "0[\r][\n]"
20:00:56.633 [ForkJoinPool-1-worker-7] DEBUG org.apache.http.wire -  << "[\r][\n]"
20:00:56.633 [ForkJoinPool-1-worker-7] DEBUG org.apache.http.impl.conn.BasicClientConnectionManager - Releasing connection org.apache.http.impl.conn.ManagedClientConnectionImpl@2ea5cb4e
20:00:56.633 [ForkJoinPool-1-worker-7] DEBUG org.apache.http.impl.conn.BasicClientConnectionManager - Connection can be kept alive for 60000 MILLISECONDS
20:00:56.633 [ForkJoinPool-1-worker-3] DEBUG org.apache.http.wire -  >> "Connection: Keep-Alive[\r][\n]"
20:00:56.634 [ForkJoinPool-1-worker-3] DEBUG org.apache.http.wire -  >> "User-Agent: Apache-HttpClient/4.5.13 (Java/11.0.9)[\r][\n]"
20:00:56.634 [ForkJoinPool-1-worker-3] DEBUG org.apache.http.wire -  >> "Accept-Encoding: gzip,deflate[\r][\n]"
20:00:56.634 [ForkJoinPool-1-worker-3] DEBUG org.apache.http.wire -  >> "[\r][\n]"
20:00:56.634 [ForkJoinPool-1-worker-3] DEBUG org.apache.http.headers - >> PUT /Employee/ HTTP/1.1
20:00:56.635 [ForkJoinPool-1-worker-3] DEBUG org.apache.http.headers - >> Accept: */*
20:00:56.635 [ForkJoinPool-1-worker-3] DEBUG org.apache.http.headers - >> Content-Type: application/json; charset=UTF-8
20:00:56.635 [ForkJoinPool-1-worker-3] DEBUG org.apache.http.headers - >> Content-Length: 480
20:00:56.635 [ForkJoinPool-1-worker-3] DEBUG org.apache.http.headers - >> Host: localhost:8082
20:00:56.635 [ForkJoinPool-1-worker-3] DEBUG org.apache.http.headers - >> Connection: Keep-Alive
20:00:56.635 [ForkJoinPool-1-worker-3] DEBUG org.apache.http.headers - >> User-Agent: Apache-HttpClient/4.5.13 (Java/11.0.9)
20:00:56.635 [ForkJoinPool-1-worker-3] DEBUG org.apache.http.headers - >> Accept-Encoding: gzip,deflate
20:00:56.635 [ForkJoinPool-1-worker-3] DEBUG org.apache.http.wire -  >> "{"empId":2279,"firstName":"David42","middleName":"E","lastName":"Raj","fatherName":"Edwin","dob":978201000000,"gender":"m","maritalStatus":"single","uid":"8978675645","email":"benjamindavid023@gmail","phone":"9578821821","bloodGroup":"b+","doj":1001961000000,"addressLine1":"1/10-4 Periyar Street","addressLine2":"Malaiyappa Nagar","city":"Trichy","state":"Tamil Nadu","postalCode":"620010","country":"India","title":"Trainee","resume":null,"photo":null,"employeeStatus":"active"}"
[get, Test02] Test completed
[delete, Test03] Test Started
20:00:56.824 [ForkJoinPool-1-worker-3] DEBUG org.apache.http.impl.conn.BasicClientConnectionManager - Get connection for route {}->http://localhost:8082
20:00:56.824 [ForkJoinPool-1-worker-3] DEBUG org.apache.http.impl.conn.DefaultClientConnectionOperator - Connecting to localhost:8082
20:00:56.825 [ForkJoinPool-1-worker-3] DEBUG org.apache.http.client.protocol.RequestAddCookies - CookieSpec selected: ignoreCookies
20:00:56.825 [ForkJoinPool-1-worker-3] DEBUG org.apache.http.client.protocol.RequestAuthCache - Auth cache not set in the context
20:00:56.825 [ForkJoinPool-1-worker-3] DEBUG org.apache.http.client.protocol.RequestTargetAuthentication - Target auth state: UNCHALLENGED
20:00:56.825 [ForkJoinPool-1-worker-3] DEBUG org.apache.http.client.protocol.RequestProxyAuthentication - Proxy auth state: UNCHALLENGED
20:00:56.825 [ForkJoinPool-1-worker-3] DEBUG org.apache.http.impl.client.DefaultHttpClient - Attempt 1 to execute request
20:00:56.825 [ForkJoinPool-1-worker-3] DEBUG org.apache.http.impl.conn.DefaultClientConnection - Sending request: DELETE /Employee/2279 HTTP/1.1
20:00:56.825 [ForkJoinPool-1-worker-3] DEBUG org.apache.http.wire -  >> "DELETE /Employee/2279 HTTP/1.1[\r][\n]"
20:00:56.825 [ForkJoinPool-1-worker-3] DEBUG org.apache.http.wire -  >> "Accept: */*[\r][\n]"
20:00:56.825 [ForkJoinPool-1-worker-3] DEBUG org.apache.http.wire -  >> "Host: localhost:8082[\r][\n]"
20:00:56.825 [ForkJoinPool-1-worker-3] DEBUG org.apache.http.wire -  >> "Connection: Keep-Alive[\r][\n]"
20:00:56.825 [ForkJoinPool-1-worker-3] DEBUG org.apache.http.wire -  >> "User-Agent: Apache-HttpClient/4.5.13 (Java/11.0.9)[\r][\n]"
20:00:56.826 [ForkJoinPool-1-worker-3] DEBUG org.apache.http.wire -  >> "Accept-Encoding: gzip,deflate[\r][\n]"
20:00:56.826 [ForkJoinPool-1-worker-3] DEBUG org.apache.http.wire -  >> "[\r][\n]"
20:00:56.826 [ForkJoinPool-1-worker-3] DEBUG org.apache.http.headers - >> DELETE /Employee/2279 HTTP/1.1
20:00:56.826 [ForkJoinPool-1-worker-3] DEBUG org.apache.http.headers - >> Accept: */*
20:00:56.826 [ForkJoinPool-1-worker-3] DEBUG org.apache.http.headers - >> Host: localhost:8082
20:00:56.826 [ForkJoinPool-1-worker-3] DEBUG org.apache.http.headers - >> Connection: Keep-Alive
20:00:56.826 [ForkJoinPool-1-worker-3] DEBUG org.apache.http.headers - >> User-Agent: Apache-HttpClient/4.5.13 (Java/11.0.9)
20:00:56.826 [ForkJoinPool-1-worker-3] DEBUG org.apache.http.headers - >> Accept-Encoding: gzip,deflate
20:00:56.847 [ForkJoinPool-1-worker-7] DEBUG org.apache.http.wire -  << "HTTP/1.1 200 [\r][\n]"
20:00:56.847 [ForkJoinPool-1-worker-7] DEBUG org.apache.http.wire -  << "Content-Type: application/json[\r][\n]"
20:00:56.847 [ForkJoinPool-1-worker-7] DEBUG org.apache.http.wire -  << "Transfer-Encoding: chunked[\r][\n]"
20:00:56.847 [ForkJoinPool-1-worker-7] DEBUG org.apache.http.wire -  << "Date: Fri, 09 Jul 2021 14:30:56 GMT[\r][\n]"
20:00:56.847 [ForkJoinPool-1-worker-7] DEBUG org.apache.http.wire -  << "Keep-Alive: timeout=60[\r][\n]"
20:00:56.847 [ForkJoinPool-1-worker-7] DEBUG org.apache.http.wire -  << "Connection: keep-alive[\r][\n]"
20:00:56.848 [ForkJoinPool-1-worker-7] DEBUG org.apache.http.wire -  << "[\r][\n]"
20:00:56.848 [ForkJoinPool-1-worker-7] DEBUG org.apache.http.impl.conn.DefaultClientConnection - Receiving response: HTTP/1.1 200 
20:00:56.848 [ForkJoinPool-1-worker-7] DEBUG org.apache.http.headers - << HTTP/1.1 200 
20:00:56.848 [ForkJoinPool-1-worker-7] DEBUG org.apache.http.headers - << Content-Type: application/json
20:00:56.848 [ForkJoinPool-1-worker-7] DEBUG org.apache.http.headers - << Transfer-Encoding: chunked
20:00:56.848 [ForkJoinPool-1-worker-7] DEBUG org.apache.http.headers - << Date: Fri, 09 Jul 2021 14:30:56 GMT
20:00:56.848 [ForkJoinPool-1-worker-7] DEBUG org.apache.http.headers - << Keep-Alive: timeout=60
20:00:56.848 [ForkJoinPool-1-worker-7] DEBUG org.apache.http.headers - << Connection: keep-alive
20:00:56.848 [ForkJoinPool-1-worker-7] DEBUG org.apache.http.impl.client.DefaultHttpClient - Connection can be kept alive for 60000 MILLISECONDS
20:00:56.849 [ForkJoinPool-1-worker-7] DEBUG io.restassured.internal.RequestSpecificationImpl$RestAssuredHttpBuilder - Parsing response as: application/json
20:00:56.850 [ForkJoinPool-1-worker-7] DEBUG io.restassured.internal.RequestSpecificationImpl$RestAssuredHttpBuilder - Parsed data to instance of: class org.apache.http.conn.EofSensorInputStream
20:00:56.854 [ForkJoinPool-1-worker-7] DEBUG org.apache.http.wire -  << "21e[\r][\n]"
20:00:56.854 [ForkJoinPool-1-worker-7] DEBUG org.apache.http.wire -  << "{"empId":2280,"firstName":"David42","middleName":"E","lastName":"Raj","fatherName":"Edwin","dob":"2000-12-31","gender":"m","maritalStatus":"single","uid":"8978675645","email":"benjamindavid023@gmail","phone":"9578821821","bloodGroup":"b+","doj":"2001-10-02","addressLine1":"1/10-4 Periyar Street                             ","addressLine2":"Malaiyappa Nagar                                  ","city":"Trichy","state":"Tamil Nadu","postalCode":"620010","country":"India","title":"Trainee","resume":null,"photo":null,"employeeStatus":"active"}"
20:00:56.854 [ForkJoinPool-1-worker-7] DEBUG org.apache.http.wire -  << "[\r][\n]"
20:00:56.854 [ForkJoinPool-1-worker-7] DEBUG org.apache.http.wire -  << "0[\r][\n]"
20:00:56.854 [ForkJoinPool-1-worker-7] DEBUG org.apache.http.wire -  << "[\r][\n]"
20:00:56.855 [ForkJoinPool-1-worker-7] DEBUG org.apache.http.impl.conn.BasicClientConnectionManager - Releasing connection org.apache.http.impl.conn.ManagedClientConnectionImpl@48662b9e
20:00:56.855 [ForkJoinPool-1-worker-7] DEBUG org.apache.http.impl.conn.BasicClientConnectionManager - Connection can be kept alive for 60000 MILLISECONDS
[get, Test02] Test completed
[getAll, Test03] Test Started
20:00:56.935 [ForkJoinPool-1-worker-3] DEBUG org.apache.http.impl.conn.BasicClientConnectionManager - Get connection for route {}->http://localhost:8082
20:00:56.935 [ForkJoinPool-1-worker-3] DEBUG org.apache.http.impl.conn.DefaultClientConnectionOperator - Connecting to localhost:8082
20:00:56.936 [ForkJoinPool-1-worker-3] DEBUG org.apache.http.client.protocol.RequestAddCookies - CookieSpec selected: ignoreCookies
20:00:56.937 [ForkJoinPool-1-worker-3] DEBUG org.apache.http.client.protocol.RequestAuthCache - Auth cache not set in the context
20:00:56.937 [ForkJoinPool-1-worker-3] DEBUG org.apache.http.client.protocol.RequestTargetAuthentication - Target auth state: UNCHALLENGED
20:00:56.937 [ForkJoinPool-1-worker-3] DEBUG org.apache.http.client.protocol.RequestProxyAuthentication - Proxy auth state: UNCHALLENGED
20:00:56.937 [ForkJoinPool-1-worker-3] DEBUG org.apache.http.impl.client.DefaultHttpClient - Attempt 1 to execute request
20:00:56.937 [ForkJoinPool-1-worker-3] DEBUG org.apache.http.impl.conn.DefaultClientConnection - Sending request: GET /Employees HTTP/1.1
20:00:56.937 [ForkJoinPool-1-worker-3] DEBUG org.apache.http.wire -  >> "GET /Employees HTTP/1.1[\r][\n]"
20:00:56.937 [ForkJoinPool-1-worker-3] DEBUG org.apache.http.wire -  >> "Accept: */*[\r][\n]"
20:00:56.937 [ForkJoinPool-1-worker-3] DEBUG org.apache.http.wire -  >> "Host: localhost:8082[\r][\n]"
20:00:56.937 [ForkJoinPool-1-worker-3] DEBUG org.apache.http.wire -  >> "Connection: Keep-Alive[\r][\n]"
20:00:56.937 [ForkJoinPool-1-worker-3] DEBUG org.apache.http.wire -  >> "User-Agent: Apache-HttpClient/4.5.13 (Java/11.0.9)[\r][\n]"
20:00:56.937 [ForkJoinPool-1-worker-3] DEBUG org.apache.http.wire -  >> "Accept-Encoding: gzip,deflate[\r][\n]"
20:00:56.937 [ForkJoinPool-1-worker-3] DEBUG org.apache.http.wire -  >> "[\r][\n]"
20:00:56.937 [ForkJoinPool-1-worker-3] DEBUG org.apache.http.headers - >> GET /Employees HTTP/1.1
20:00:56.937 [ForkJoinPool-1-worker-3] DEBUG org.apache.http.headers - >> Accept: */*
20:00:56.937 [ForkJoinPool-1-worker-3] DEBUG org.apache.http.headers - >> Host: localhost:8082
20:00:56.937 [ForkJoinPool-1-worker-3] DEBUG org.apache.http.headers - >> Connection: Keep-Alive
20:00:56.937 [ForkJoinPool-1-worker-3] DEBUG org.apache.http.headers - >> User-Agent: Apache-HttpClient/4.5.13 (Java/11.0.9)
20:00:56.937 [ForkJoinPool-1-worker-3] DEBUG org.apache.http.headers - >> Accept-Encoding: gzip,deflate
20:00:57.024 [ForkJoinPool-1-worker-7] DEBUG org.apache.http.wire -  << "HTTP/1.1 200 [\r][\n]"
20:00:57.025 [ForkJoinPool-1-worker-7] DEBUG org.apache.http.wire -  << "Content-Type: application/json[\r][\n]"
20:00:57.025 [ForkJoinPool-1-worker-7] DEBUG org.apache.http.wire -  << "Transfer-Encoding: chunked[\r][\n]"
20:00:57.025 [ForkJoinPool-1-worker-7] DEBUG org.apache.http.wire -  << "Date: Fri, 09 Jul 2021 14:30:56 GMT[\r][\n]"
20:00:57.025 [ForkJoinPool-1-worker-7] DEBUG org.apache.http.wire -  << "Keep-Alive: timeout=60[\r][\n]"
20:00:57.025 [ForkJoinPool-1-worker-7] DEBUG org.apache.http.wire -  << "Connection: keep-alive[\r][\n]"
20:00:57.025 [ForkJoinPool-1-worker-7] DEBUG org.apache.http.wire -  << "[\r][\n]"
20:00:57.025 [ForkJoinPool-1-worker-7] DEBUG org.apache.http.impl.conn.DefaultClientConnection - Receiving response: HTTP/1.1 200 
20:00:57.025 [ForkJoinPool-1-worker-7] DEBUG org.apache.http.headers - << HTTP/1.1 200 
20:00:57.025 [ForkJoinPool-1-worker-7] DEBUG org.apache.http.headers - << Content-Type: application/json
20:00:57.025 [ForkJoinPool-1-worker-7] DEBUG org.apache.http.headers - << Transfer-Encoding: chunked
20:00:57.026 [ForkJoinPool-1-worker-7] DEBUG org.apache.http.headers - << Date: Fri, 09 Jul 2021 14:30:56 GMT
20:00:57.026 [ForkJoinPool-1-worker-7] DEBUG org.apache.http.headers - << Keep-Alive: timeout=60
20:00:57.026 [ForkJoinPool-1-worker-7] DEBUG org.apache.http.headers - << Connection: keep-alive
20:00:57.026 [ForkJoinPool-1-worker-7] DEBUG org.apache.http.impl.client.DefaultHttpClient - Connection can be kept alive for 60000 MILLISECONDS
20:00:57.027 [ForkJoinPool-1-worker-7] DEBUG io.restassured.internal.RequestSpecificationImpl$RestAssuredHttpBuilder - Parsing response as: application/json
20:00:57.027 [ForkJoinPool-1-worker-7] DEBUG io.restassured.internal.RequestSpecificationImpl$RestAssuredHttpBuilder - Parsed data to instance of: class org.apache.http.conn.EofSensorInputStream
20:00:57.028 [ForkJoinPool-1-worker-7] DEBUG org.apache.http.wire -  << "2000[\r][\n]"
20:00:57.029 [ForkJoinPool-1-worker-7] DEBUG org.apache.http.wire -  << "[{"empId":2271,"firstName":"David42","middleName":"E","lastName":"Raj","fatherName":"Edwin","dob":"2000-12-31","gender":"m","maritalStatus":"single","uid":"8978675645","email":"benjamindavid023@gmail","phone":"9578821821","bloodGroup":"b+","doj":"2001-10-02","addressLine1":"1/10-4 Periyar Street                             ","addressLine2":"Malaiyappa Nagar                                  ","city":"Trichy","state":"Tamil Nadu","postalCode":"620010","country":"India","title":"Trainee","resume":null,"photo":null,"employeeStatus":"active"},{"empId":2194,"firstName":"David42","middleName":"E","lastName":"Raj","fatherName":"Edwin","dob":"2000-12-31","gender":"m","maritalStatus":"single","uid":"8978675645","email":"benjamindavid023@gmail","phone":"9578821821","bloodGroup":"b+","doj":"2001-10-02","addressLine1":"1/10-4 Periyar Street                             ","addressLine2":"Malaiyappa Nagar                                  ","city":"Trichy","state":"Tamil Nadu","postalCode":"620010","country":"India","title":"Trainee","resume":null,"photo":null,"employeeStatus":"active"},{"empId":2257,"firstName":"David42","middleName":"E","lastName":"Raj","fatherName":"Edwin","dob":"2000-12-31","gender":"m","maritalStatus":"single","uid":"8978675645","email":"benjamindavid023@gmail","phone":"9578821821","bloodGroup":"b+","doj":"2001-10-02","addressLine1":"1/10-4 Periyar Street                             ","addressLine2":"Malaiyappa Nagar                                  ","city":"Trichy","state":"Tamil Nadu","postalCode":"620010","country":"India","title":"Trainee","resume":null,"photo":null,"employeeStatus":"active"},{"empId":2237,"firstName":"David42","middleName":"E","lastName":"Raj","fatherName":"Edwin","dob":"2000-12-31","gender":"m","maritalStatus":"single","uid":"8978675645","email":"benjamindavid023@gmail","phone":"9578821821","bloodGroup":"b+","doj":"2001-10-02","addressLine1":"1/10-4 Periyar Street                             ","addressLine2":"Malaiyappa Nagar                                  ","city":"Trichy","state":"Tamil Nadu","postalCode":"620010","country":"India","title":"Trainee","resume":null,"photo":null,"employeeStatus":"active"},{"empId":2272,"firstName":"David42","middleName":"E","lastName":"Raj","fatherName":"Edwin","dob":"2000-12-31","gender":"m","maritalStatus":"single","uid":"8978675645","email":"benjamindavid023@gmail","phone":"9578821821","bloodGroup":"b+","doj":"2001-10-02","addressLine1":"1/10-4 Periyar Street                             ","addressLine2":"Malaiyappa Nagar                                  ","city":"Trichy","state":"Tamil Nadu","postalCode":"620010","country":"India","title":"Trainee","resume":null,"photo":null,"employeeStatus":"active"},{"empId":2231,"firstName":"David42","middleName":"E","lastName":"Raj","fatherName":"Edwin","dob":"2000-12-31","gender":"m","maritalStatus":"single","uid":"8978675645","email":"benjamindavid023@gmail","phone":"9578821821","bloodGroup":"b+","doj":"2001-10-02","addressLine1":"1/10-4 Periyar Street                             ","addressLine2":"Malaiyappa Nagar                                  ","city":"Trichy","state":"Tamil Nadu","postalCode":"620010","country":"India","title":"Trainee","resume":null,"photo":null,"employeeStatus":"active"},{"empId":2212,"firstName":"David42","middleName":"E","lastName":"Raj","fatherName":"Edwin","dob":"2000-12-31","gender":"m","maritalStatus":"single","uid":"8978675645","email":"benjamindavid023@gmail","phone":"9578821821","bloodGroup":"b+","doj":"2001-10-02","addressLine1":"1/10-4 Periyar Street                             ","addressLine2":"Malaiyappa Nagar                                  ","city":"Trichy","state":"Tamil Nadu","postalCode":"620010","country":"India","title":"Trainee","resume":null,"photo":null,"employeeStatus":"active"},{"empId":2278,"firstName":"David42","middleName":"E","lastName":"Raj","fatherName":"Edwin","dob":"2000-12-31","gender":"m","maritalStatus":"single","uid":"8978675645","email":"benjamindavid023@gmail","phone":"9578821821","bloodGroup":"b+","doj":"2001-10-02","addressLine1":"1/10-4 Periyar Street                             ","addressLine2":"Malaiyappa Nagar                                  ","city":"Trichy","state":"Tamil Nadu","postalCode":"620010","country":"India","title":"Trainee","resume":null,"photo":null,"employeeStatus":"active"},{"empId":2264,"firstName":"David42","middleName":"E","lastName":"Raj","fatherName":"Edwin","dob":"2000-12-31","gender":"m","maritalStatus":"single","uid":"8978675645","email":"benjamindavid023@gmail","phone":"9578821821","bloodGroup":"b+","doj":"2001-10-02","addressLine1":"1/10-4 Periyar Street                             ","addressLine2":"Malaiyappa Nagar                                  ","city":"Trichy","state":"Tamil Nadu","postalCode":"620010","country":"India","title":"Trainee","resume":null,"photo":null,"employeeStatus":"active"},{"empId":2215,"firstName":"David42","middleName":"E","lastName":"Raj","fatherName":"Edwin","dob":"2000-12-31","gender":"m","maritalStatus":"single","uid":"8978675645","email":"benjamindavid023@gmail","phone":"9578821821","bloodGroup":"b+","doj":"2001-10-02","addressLine1":"1/10-4 Periyar Street                             ","addressLine2":"Malaiyappa Nagar                                  ","city":"Trichy","state":"Tamil Nadu","postalCode":"620010","country":"India","title":"Trainee","resume":null,"photo":null,"employeeStatus":"active"},{"empId":2280,"firstName":"David42","middleName":"E","lastName":"Raj","fatherName":"Edwin","dob":"2000-12-31","gender":"m","maritalStatus":"single","uid":"8978675645","email":"benjamindavid023@gmail","phone":"9578821821","bloodGroup":"b+","doj":"2001-10-02","addressLine1":"1/10-4 Periyar Street                             ","addressLine2":"Malaiyappa Nagar                                  ","city":"Trichy","state":"Tamil Nadu","postalCode":"620010","country":"India","title":"Trainee","resume":null,"photo":null,"employeeStatus":"active"},{"empId":2268,"firstName":"David42","middleName":"E","lastName":"Raj","fatherName":"Edwin","dob":"2000-12-31","gender":"m","maritalStatus":"single","uid":"8978675645","email":"benjamindavid023@gmail","phone":"9578821821","bloodGroup":"b+","doj":"2001-10-02","addressLine1":"1/10-4 Periyar Street                             ","addressLine2":"Malaiyappa Nagar                                  ","city":"Trichy","state":"Tamil Nadu","postalCode":"620010","country":"India","title":"Trainee","resume":null,"photo":null,"employeeStatus":"active"},{"empId":2217,"firstName":"David42","middleName":"E","lastName":"Raj","fatherName":"Edwin","dob":"2000-12-31","gender":"m","maritalStatus":"single","uid":"8978675645","email":"benjamindavid023@gmail","phone":"9578821821","bloodGroup":"b+","doj":"2001-10-02","addressLine1":"1/10-4 Periyar Street                             ","addressLine2":"Malaiyappa Nagar                                  ","city":"Trichy","state":"Tamil Nadu","postalCode":"620010","country":"India","title":"Trainee","resume":null,"photo":null,"employeeStatus":"active"},{"empId":2184,"firstName":"David42","middleName":"E","lastName":"Raj","fatherName":"Edwin","dob":"2000-12-31","gender":"m","maritalStatus":"single","uid":"8978675645","email":"benjamindavid023@gmail","phone":"9578821821","bloodGroup":"b+","doj":"2001-10-02","addressLine1":"1/10-4 Periyar Street                             ","addressLine2":"Malaiyappa Nagar                                  ","city":"Trichy","state":"Tamil Nadu","postalCode":"620010","country":"India","title":"Trainee","resume":null,"photo":null,"employeeStatus":"active"},{"empId":2248,"firstName":"David42","middleName":"E","lastName":"Raj","fatherName":"Edwin","dob":"2000-12-31","gender":"m","maritalStatus":"single","uid":"8978675645","email":"benjamindavid023@gmail","phone":"9578821821","bloodGroup":"b+","doj":"2001-10-02","addressLine1":"1/10-4 Periyar Street                             ","addressLine2":"Malaiyappa Nagar                                  ","city":"Trichy","state":"Ta"
20:00:57.030 [ForkJoinPool-1-worker-7] DEBUG org.apache.http.wire -  << "mil Nadu","postalCode":"620010","country":"India","title":"Trainee","resume":null,"photo":null,"employeeStatus":"active"},{"empId":2251,"firstName":"David42","middleNam"
20:00:57.030 [ForkJoinPool-1-worker-7] DEBUG org.apache.http.wire -  << "[\r][\n]"
20:00:57.030 [ForkJoinPool-1-worker-7] DEBUG org.apache.http.wire -  << "a6d[\r][\n]"
20:00:57.030 [ForkJoinPool-1-worker-7] DEBUG org.apache.http.wire -  << "e":"E","lastName":"Raj","fatherName":"Edwin","dob":"2000-12-31","gender":"m","maritalStatus":"single","uid":"8978675645","email":"benjamindavid023@gmail","phone":"9578821821","bloodGroup":"b+","doj":"2001-10-02","addressLine1":"1/10-4 Periyar Street                             ","addressLine2":"Malaiyappa Nagar                                  ","city":"Trichy","state":"Tamil Nadu","postalCode":"620010","country":"India","title":"Trainee","resume":null,"photo":null,"employeeStatus":"active"},{"empId":2101,"firstName":"David42","middleName":"E","lastName":"Raj","fatherName":"Edwin","dob":"2000-12-31","gender":"m","maritalStatus":"single","uid":"8978675645","email":"benjamindavid023@gmail","phone":"9578821821","bloodGroup":"b+","doj":"2001-10-02","addressLine1":"1/10-4 Periyar Street                             ","addressLine2":"Malaiyappa Nagar                                  ","city":"Trichy","state":"Tamil Nadu","postalCode":"620010","country":"India","title":"Trainee","resume":null,"photo":null,"employeeStatus":"active"},{"empId":2190,"firstName":"David42","middleName":"E","lastName":"Raj","fatherName":"Edwin","dob":"2000-12-31","gender":"m","maritalStatus":"single","uid":"8978675645","email":"benjamindavid023@gmail","phone":"9578821821","bloodGroup":"b+","doj":"2001-10-02","addressLine1":"1/10-4 Periyar Street                             ","addressLine2":"Malaiyappa Nagar                                  ","city":"Trichy","state":"Tamil Nadu","postalCode":"620010","country":"India","title":"Trainee","resume":null,"photo":null,"employeeStatus":"active"},{"empId":2254,"firstName":"David42","middleName":"E","lastName":"Raj","fatherName":"Edwin","dob":"2000-12-31","gender":"m","maritalStatus":"single","uid":"8978675645","email":"benjamindavid023@gmail","phone":"9578821821","bloodGroup":"b+","doj":"2001-10-02","addressLine1":"1/10-4 Periyar Street                             ","addressLine2":"Malaiyappa Nagar                                  ","city":"Trichy","state":"Tamil Nadu","postalCode":"620010","country":"India","title":"Trainee","resume":null,"photo":null,"employeeStatus":"active"},{"empId":2102,"firstName":"David42","middleName":"E","lastName":"Raj","fatherName":"Edwin","dob":"2000-12-31","gender":"m","maritalStatus":"single","uid":"8978675645","email":"benjamindavid023@gmail","phone":"9578821821","bloodGroup":"b+","doj":"2001-10-02","addressLine1":"1/10-4 Periyar Street                             ","addressLine2":"Malaiyappa Nagar                                  ","city":"Trichy","state":"Tamil Nadu","postalCode":"620010","country":"India","title":"Trainee","resume":null,"photo":null,"employeeStatus":"active"}]"
20:00:57.030 [ForkJoinPool-1-worker-7] DEBUG org.apache.http.wire -  << "[\r][\n]"
20:00:57.031 [ForkJoinPool-1-worker-7] DEBUG org.apache.http.wire -  << "0[\r][\n]"
20:00:57.031 [ForkJoinPool-1-worker-7] DEBUG org.apache.http.wire -  << "[\r][\n]"
20:00:57.031 [ForkJoinPool-1-worker-7] DEBUG org.apache.http.impl.conn.BasicClientConnectionManager - Releasing connection org.apache.http.impl.conn.ManagedClientConnectionImpl@7843a9ea
20:00:57.031 [ForkJoinPool-1-worker-7] DEBUG org.apache.http.impl.conn.BasicClientConnectionManager - Connection can be kept alive for 60000 MILLISECONDS
20:00:57.068 [ForkJoinPool-1-worker-3] DEBUG org.apache.http.wire -  << "HTTP/1.1 200 [\r][\n]"
20:00:57.068 [ForkJoinPool-1-worker-3] DEBUG org.apache.http.wire -  << "Content-Type: application/json[\r][\n]"
20:00:57.068 [ForkJoinPool-1-worker-3] DEBUG org.apache.http.wire -  << "Transfer-Encoding: chunked[\r][\n]"
20:00:57.068 [ForkJoinPool-1-worker-3] DEBUG org.apache.http.wire -  << "Date: Fri, 09 Jul 2021 14:30:56 GMT[\r][\n]"
20:00:57.068 [ForkJoinPool-1-worker-3] DEBUG org.apache.http.wire -  << "Keep-Alive: timeout=60[\r][\n]"
20:00:57.068 [ForkJoinPool-1-worker-3] DEBUG org.apache.http.wire -  << "Connection: keep-alive[\r][\n]"
20:00:57.068 [ForkJoinPool-1-worker-3] DEBUG org.apache.http.wire -  << "[\r][\n]"
20:00:57.068 [ForkJoinPool-1-worker-3] DEBUG org.apache.http.impl.conn.DefaultClientConnection - Receiving response: HTTP/1.1 200 
20:00:57.068 [ForkJoinPool-1-worker-3] DEBUG org.apache.http.headers - << HTTP/1.1 200 
20:00:57.068 [ForkJoinPool-1-worker-3] DEBUG org.apache.http.headers - << Content-Type: application/json
20:00:57.068 [ForkJoinPool-1-worker-3] DEBUG org.apache.http.headers - << Transfer-Encoding: chunked
20:00:57.068 [ForkJoinPool-1-worker-3] DEBUG org.apache.http.headers - << Date: Fri, 09 Jul 2021 14:30:56 GMT
20:00:57.068 [ForkJoinPool-1-worker-3] DEBUG org.apache.http.headers - << Keep-Alive: timeout=60
20:00:57.068 [ForkJoinPool-1-worker-3] DEBUG org.apache.http.headers - << Connection: keep-alive
20:00:57.068 [ForkJoinPool-1-worker-3] DEBUG org.apache.http.impl.client.DefaultHttpClient - Connection can be kept alive for 60000 MILLISECONDS
20:00:57.069 [ForkJoinPool-1-worker-3] DEBUG io.restassured.internal.RequestSpecificationImpl$RestAssuredHttpBuilder - Parsing response as: application/json
20:00:57.069 [ForkJoinPool-1-worker-3] DEBUG io.restassured.internal.RequestSpecificationImpl$RestAssuredHttpBuilder - Parsed data to instance of: class org.apache.http.conn.EofSensorInputStream
20:00:57.069 [ForkJoinPool-1-worker-3] DEBUG org.apache.http.wire -  << "2000[\r][\n]"
20:00:57.070 [ForkJoinPool-1-worker-3] DEBUG org.apache.http.wire -  << "[{"empId":2271,"firstName":"David42","middleName":"E","lastName":"Raj","fatherName":"Edwin","dob":"2000-12-31","gender":"m","maritalStatus":"single","uid":"8978675645","email":"benjamindavid023@gmail","phone":"9578821821","bloodGroup":"b+","doj":"2001-10-02","addressLine1":"1/10-4 Periyar Street                             ","addressLine2":"Malaiyappa Nagar                                  ","city":"Trichy","state":"Tamil Nadu","postalCode":"620010","country":"India","title":"Trainee","resume":null,"photo":null,"employeeStatus":"active"},{"empId":2194,"firstName":"David42","middleName":"E","lastName":"Raj","fatherName":"Edwin","dob":"2000-12-31","gender":"m","maritalStatus":"single","uid":"8978675645","email":"benjamindavid023@gmail","phone":"9578821821","bloodGroup":"b+","doj":"2001-10-02","addressLine1":"1/10-4 Periyar Street                             ","addressLine2":"Malaiyappa Nagar                                  ","city":"Trichy","state":"Tamil Nadu","postalCode":"620010","country":"India","title":"Trainee","resume":null,"photo":null,"employeeStatus":"active"},{"empId":2257,"firstName":"David42","middleName":"E","lastName":"Raj","fatherName":"Edwin","dob":"2000-12-31","gender":"m","maritalStatus":"single","uid":"8978675645","email":"benjamindavid023@gmail","phone":"9578821821","bloodGroup":"b+","doj":"2001-10-02","addressLine1":"1/10-4 Periyar Street                             ","addressLine2":"Malaiyappa Nagar                                  ","city":"Trichy","state":"Tamil Nadu","postalCode":"620010","country":"India","title":"Trainee","resume":null,"photo":null,"employeeStatus":"active"},{"empId":2237,"firstName":"David42","middleName":"E","lastName":"Raj","fatherName":"Edwin","dob":"2000-12-31","gender":"m","maritalStatus":"single","uid":"8978675645","email":"benjamindavid023@gmail","phone":"9578821821","bloodGroup":"b+","doj":"2001-10-02","addressLine1":"1/10-4 Periyar Street                             ","addressLine2":"Malaiyappa Nagar                                  ","city":"Trichy","state":"Tamil Nadu","postalCode":"620010","country":"India","title":"Trainee","resume":null,"photo":null,"employeeStatus":"active"},{"empId":2272,"firstName":"David42","middleName":"E","lastName":"Raj","fatherName":"Edwin","dob":"2000-12-31","gender":"m","maritalStatus":"single","uid":"8978675645","email":"benjamindavid023@gmail","phone":"9578821821","bloodGroup":"b+","doj":"2001-10-02","addressLine1":"1/10-4 Periyar Street                             ","addressLine2":"Malaiyappa Nagar                                  ","city":"Trichy","state":"Tamil Nadu","postalCode":"620010","country":"India","title":"Trainee","resume":null,"photo":null,"employeeStatus":"active"},{"empId":2231,"firstName":"David42","middleName":"E","lastName":"Raj","fatherName":"Edwin","dob":"2000-12-31","gender":"m","maritalStatus":"single","uid":"8978675645","email":"benjamindavid023@gmail","phone":"9578821821","bloodGroup":"b+","doj":"2001-10-02","addressLine1":"1/10-4 Periyar Street                             ","addressLine2":"Malaiyappa Nagar                                  ","city":"Trichy","state":"Tamil Nadu","postalCode":"620010","country":"India","title":"Trainee","resume":null,"photo":null,"employeeStatus":"active"},{"empId":2212,"firstName":"David42","middleName":"E","lastName":"Raj","fatherName":"Edwin","dob":"2000-12-31","gender":"m","maritalStatus":"single","uid":"8978675645","email":"benjamindavid023@gmail","phone":"9578821821","bloodGroup":"b+","doj":"2001-10-02","addressLine1":"1/10-4 Periyar Street                             ","addressLine2":"Malaiyappa Nagar                                  ","city":"Trichy","state":"Tamil Nadu","postalCode":"620010","country":"India","title":"Trainee","resume":null,"photo":null,"employeeStatus":"active"},{"empId":2278,"firstName":"David42","middleName":"E","lastName":"Raj","fatherName":"Edwin","dob":"2000-12-31","gender":"m","maritalStatus":"single","uid":"8978675645","email":"benjamindavid023@gmail","phone":"9578821821","bloodGroup":"b+","doj":"2001-10-02","addressLine1":"1/10-4 Periyar Street                             ","addressLine2":"Malaiyappa Nagar                                  ","city":"Trichy","state":"Tamil Nadu","postalCode":"620010","country":"India","title":"Trainee","resume":null,"photo":null,"employeeStatus":"active"},{"empId":2264,"firstName":"David42","middleName":"E","lastName":"Raj","fatherName":"Edwin","dob":"2000-12-31","gender":"m","maritalStatus":"single","uid":"8978675645","email":"benjamindavid023@gmail","phone":"9578821821","bloodGroup":"b+","doj":"2001-10-02","addressLine1":"1/10-4 Periyar Street                             ","addressLine2":"Malaiyappa Nagar                                  ","city":"Trichy","state":"Tamil Nadu","postalCode":"620010","country":"India","title":"Trainee","resume":null,"photo":null,"employeeStatus":"active"},{"empId":2215,"firstName":"David42","middleName":"E","lastName":"Raj","fatherName":"Edwin","dob":"2000-12-31","gender":"m","maritalStatus":"single","uid":"8978675645","email":"benjamindavid023@gmail","phone":"9578821821","bloodGroup":"b+","doj":"2001-10-02","addressLine1":"1/10-4 Periyar Street                             ","addressLine2":"Malaiyappa Nagar                                  ","city":"Trichy","state":"Tamil Nadu","postalCode":"620010","country":"India","title":"Trainee","resume":null,"photo":null,"employeeStatus":"active"},{"empId":2280,"firstName":"David42","middleName":"E","lastName":"Raj","fatherName":"Edwin","dob":"2000-12-31","gender":"m","maritalStatus":"single","uid":"8978675645","email":"benjamindavid023@gmail","phone":"9578821821","bloodGroup":"b+","doj":"2001-10-02","addressLine1":"1/10-4 Periyar Street                             ","addressLine2":"Malaiyappa Nagar                                  ","city":"Trichy","state":"Tamil Nadu","postalCode":"620010","country":"India","title":"Trainee","resume":null,"photo":null,"employeeStatus":"active"},{"empId":2268,"firstName":"David42","middleName":"E","lastName":"Raj","fatherName":"Edwin","dob":"2000-12-31","gender":"m","maritalStatus":"single","uid":"8978675645","email":"benjamindavid023@gmail","phone":"9578821821","bloodGroup":"b+","doj":"2001-10-02","addressLine1":"1/10-4 Periyar Street                             ","addressLine2":"Malaiyappa Nagar                                  ","city":"Trichy","state":"Tamil Nadu","postalCode":"620010","country":"India","title":"Trainee","resume":null,"photo":null,"employeeStatus":"active"},{"empId":2217,"firstName":"David42","middleName":"E","lastName":"Raj","fatherName":"Edwin","dob":"2000-12-31","gender":"m","maritalStatus":"single","uid":"8978675645","email":"benjamindavid023@gmail","phone":"9578821821","bloodGroup":"b+","doj":"2001-10-02","addressLine1":"1/10-4 Periyar Street                             ","addressLine2":"Malaiyappa Nagar                                  ","city":"Trichy","state":"Tamil Nadu","postalCode":"620010","country":"India","title":"Trainee","resume":null,"photo":null,"employeeStatus":"active"},{"empId":2184,"firstName":"David42","middleName":"E","lastName":"Raj","fatherName":"Edwin","dob":"2000-12-31","gender":"m","maritalStatus":"single","uid":"8978675645","email":"benjamindavid023@gmail","phone":"9578821821","bloodGroup":"b+","doj":"2001-10-02","addressLine1":"1/10-4 Periyar Street                             ","addressLine2":"Malaiyappa Nagar                                  ","city":"Trichy","state":"Tamil Nadu","postalCode":"620010","country":"India","title":"Trainee","resume":null,"photo":null,"employeeStatus":"active"},{"empId":2248,"firstName":"David42","middleName":"E","lastName":"Raj","fatherName":"Edwin","dob":"2000-12-31","gender":"m","maritalStatus":"single","uid":"8978675645","email":"benjamindavid023@gmail","phone":"9578821821","bloodGroup":"b+","doj":"2001-10-02","addressLine1":"1/10-4 Periyar Street                             ","addressLine2":"Malaiyappa Nagar                                  ","city":"Trichy","state":"Ta"
20:00:57.070 [ForkJoinPool-1-worker-3] DEBUG org.apache.http.wire -  << "mil Nadu","postalCode":"620010","country":"India","title":"Trainee","resume":null,"photo":null,"employeeStatus":"active"},{"empId":2251,"firstName":"David42","middleNam"
20:00:57.070 [ForkJoinPool-1-worker-3] DEBUG org.apache.http.wire -  << "[\r][\n]"
20:00:57.070 [ForkJoinPool-1-worker-3] DEBUG org.apache.http.wire -  << "a6d[\r][\n]"
20:00:57.070 [ForkJoinPool-1-worker-3] DEBUG org.apache.http.wire -  << "e":"E","lastName":"Raj","fatherName":"Edwin","dob":"2000-12-31","gender":"m","maritalStatus":"single","uid":"8978675645","email":"benjamindavid023@gmail","phone":"9578821821","bloodGroup":"b+","doj":"2001-10-02","addressLine1":"1/10-4 Periyar Street                             ","addressLine2":"Malaiyappa Nagar                                  ","city":"Trichy","state":"Tamil Nadu","postalCode":"620010","country":"India","title":"Trainee","resume":null,"photo":null,"employeeStatus":"active"},{"empId":2101,"firstName":"David42","middleName":"E","lastName":"Raj","fatherName":"Edwin","dob":"2000-12-31","gender":"m","maritalStatus":"single","uid":"8978675645","email":"benjamindavid023@gmail","phone":"9578821821","bloodGroup":"b+","doj":"2001-10-02","addressLine1":"1/10-4 Periyar Street                             ","addressLine2":"Malaiyappa Nagar                                  ","city":"Trichy","state":"Tamil Nadu","postalCode":"620010","country":"India","title":"Trainee","resume":null,"photo":null,"employeeStatus":"active"},{"empId":2190,"firstName":"David42","middleName":"E","lastName":"Raj","fatherName":"Edwin","dob":"2000-12-31","gender":"m","maritalStatus":"single","uid":"8978675645","email":"benjamindavid023@gmail","phone":"9578821821","bloodGroup":"b+","doj":"2001-10-02","addressLine1":"1/10-4 Periyar Street                             ","addressLine2":"Malaiyappa Nagar                                  ","city":"Trichy","state":"Tamil Nadu","postalCode":"620010","country":"India","title":"Trainee","resume":null,"photo":null,"employeeStatus":"active"},{"empId":2254,"firstName":"David42","middleName":"E","lastName":"Raj","fatherName":"Edwin","dob":"2000-12-31","gender":"m","maritalStatus":"single","uid":"8978675645","email":"benjamindavid023@gmail","phone":"9578821821","bloodGroup":"b+","doj":"2001-10-02","addressLine1":"1/10-4 Periyar Street                             ","addressLine2":"Malaiyappa Nagar                                  ","city":"Trichy","state":"Tamil Nadu","postalCode":"620010","country":"India","title":"Trainee","resume":null,"photo":null,"employeeStatus":"active"},{"empId":2102,"firstName":"David42","middleName":"E","lastName":"Raj","fatherName":"Edwin","dob":"2000-12-31","gender":"m","maritalStatus":"single","uid":"8978675645","email":"benjamindavid023@gmail","phone":"9578821821","bloodGroup":"b+","doj":"2001-10-02","addressLine1":"1/10-4 Periyar Street                             ","addressLine2":"Malaiyappa Nagar                                  ","city":"Trichy","state":"Tamil Nadu","postalCode":"620010","country":"India","title":"Trainee","resume":null,"photo":null,"employeeStatus":"active"}]"
20:00:57.070 [ForkJoinPool-1-worker-3] DEBUG org.apache.http.wire -  << "[\r][\n]"
20:00:57.070 [ForkJoinPool-1-worker-3] DEBUG org.apache.http.wire -  << "0[\r][\n]"
20:00:57.070 [ForkJoinPool-1-worker-3] DEBUG org.apache.http.wire -  << "[\r][\n]"
20:00:57.070 [ForkJoinPool-1-worker-3] DEBUG org.apache.http.impl.conn.BasicClientConnectionManager - Releasing connection org.apache.http.impl.conn.ManagedClientConnectionImpl@39d52366
20:00:57.070 [ForkJoinPool-1-worker-3] DEBUG org.apache.http.impl.conn.BasicClientConnectionManager - Connection can be kept alive for 60000 MILLISECONDS
[getAll, Test02] Test completed
This method should be execute after all the test
]]></system-out>
  <system-err><![CDATA[]]></system-err>
</testsuite>
